::1 - - [02/Feb/2020:15:10:46 +0000] "GET / HTTP/1.1" 200 5278
::1 - - [02/Feb/2020:15:10:46 +0000] "GET /stylesheets/flatly.bootstrap.min.css HTTP/1.1" 200 127303
::1 - - [02/Feb/2020:15:10:46 +0000] "GET /stylesheets/style.css HTTP/1.1" 200 12297
::1 - - [02/Feb/2020:15:10:46 +0000] "GET /javascripts/stroll.min.js HTTP/1.1" 200 42718
::1 - - [02/Feb/2020:15:10:46 +0000] "GET /javascripts/bootstrap.min.js HTTP/1.1" 200 37045
::1 - - [02/Feb/2020:15:10:46 +0000] "GET /javascripts/dom.js HTTP/1.1" 200 1645
::1 - - [02/Feb/2020:15:10:46 +0000] "GET /stylesheets/font/css/all.min.css HTTP/1.1" 200 53592
::1 - - [02/Feb/2020:15:10:46 +0000] "GET /javascripts/jquery.min.js HTTP/1.1" 200 97163
::1 - - [02/Feb/2020:15:10:46 +0000] "GET /images/logo/logo.png HTTP/1.1" 200 18902
::1 - - [02/Feb/2020:15:10:46 +0000] "GET /javascripts/socket.io.js HTTP/1.1" 200 62422
::1 - - [02/Feb/2020:15:10:46 +0000] "GET /javascripts/connect.js HTTP/1.1" 200 21
::1 - - [02/Feb/2020:15:10:47 +0000] "GET /images/logo/favicon.ico HTTP/1.1" 200 1150
::1 - - [02/Feb/2020:15:22:55 +0000] "GET / HTTP/1.1" 304 -
::1 - - [02/Feb/2020:15:22:55 +0000] "GET /stylesheets/flatly.bootstrap.min.css HTTP/1.1" 304 -
::1 - - [02/Feb/2020:15:22:55 +0000] "GET /stylesheets/font/css/all.min.css HTTP/1.1" 304 -
::1 - - [02/Feb/2020:15:22:55 +0000] "GET /stylesheets/style.css HTTP/1.1" 304 -
::1 - - [02/Feb/2020:15:22:55 +0000] "GET /javascripts/stroll.min.js HTTP/1.1" 304 -
::1 - - [02/Feb/2020:15:22:55 +0000] "GET /javascripts/jquery.min.js HTTP/1.1" 304 -
::1 - - [02/Feb/2020:15:22:55 +0000] "GET /javascripts/bootstrap.min.js HTTP/1.1" 304 -
::1 - - [02/Feb/2020:15:22:55 +0000] "GET /javascripts/dom.js HTTP/1.1" 304 -
::1 - - [02/Feb/2020:15:22:55 +0000] "GET /images/logo/logo.png HTTP/1.1" 304 -
::1 - - [02/Feb/2020:15:22:55 +0000] "GET /javascripts/socket.io.js HTTP/1.1" 304 -
::1 - - [02/Feb/2020:15:22:55 +0000] "GET /javascripts/connect.js HTTP/1.1" 304 -
::1 - - [02/Feb/2020:15:22:55 +0000] "GET /images/logo/favicon.ico HTTP/1.1" 200 1150
::1 - - [02/Feb/2020:15:23:07 +0000] "GET / HTTP/1.1" 304 -
::1 - - [02/Feb/2020:15:23:07 +0000] "GET /stylesheets/flatly.bootstrap.min.css HTTP/1.1" 304 -
::1 - - [02/Feb/2020:15:23:07 +0000] "GET /stylesheets/font/css/all.min.css HTTP/1.1" 304 -
::1 - - [02/Feb/2020:15:23:07 +0000] "GET /javascripts/jquery.min.js HTTP/1.1" 304 -
::1 - - [02/Feb/2020:15:23:07 +0000] "GET /javascripts/bootstrap.min.js HTTP/1.1" 304 -
::1 - - [02/Feb/2020:15:23:07 +0000] "GET /stylesheets/style.css HTTP/1.1" 304 -
::1 - - [02/Feb/2020:15:23:07 +0000] "GET /javascripts/stroll.min.js HTTP/1.1" 304 -
::1 - - [02/Feb/2020:15:23:07 +0000] "GET /javascripts/dom.js HTTP/1.1" 304 -
::1 - - [02/Feb/2020:15:23:07 +0000] "GET /images/logo/logo.png HTTP/1.1" 304 -
::1 - - [02/Feb/2020:15:23:07 +0000] "GET /javascripts/socket.io.js HTTP/1.1" 304 -
::1 - - [02/Feb/2020:15:23:07 +0000] "GET /javascripts/connect.js HTTP/1.1" 304 -
::1 - - [02/Feb/2020:15:23:08 +0000] "GET /images/logo/favicon.ico HTTP/1.1" 200 1150
::1 - - [02/Feb/2020:15:23:18 +0000] "GET / HTTP/1.1" 200 2579
::1 - - [02/Feb/2020:15:23:18 +0000] "GET /stylesheets/flatly.bootstrap.min.css HTTP/1.1" 304 -
::1 - - [02/Feb/2020:15:23:18 +0000] "GET /stylesheets/font/css/all.min.css HTTP/1.1" 304 -
::1 - - [02/Feb/2020:15:23:18 +0000] "GET /stylesheets/style.css HTTP/1.1" 304 -
::1 - - [02/Feb/2020:15:23:18 +0000] "GET /javascripts/stroll.min.js HTTP/1.1" 304 -
::1 - - [02/Feb/2020:15:23:18 +0000] "GET /javascripts/jquery.min.js HTTP/1.1" 304 -
::1 - - [02/Feb/2020:15:23:18 +0000] "GET /javascripts/bootstrap.min.js HTTP/1.1" 304 -
::1 - - [02/Feb/2020:15:23:18 +0000] "GET /javascripts/dom.js HTTP/1.1" 304 -
::1 - - [02/Feb/2020:15:23:18 +0000] "GET /images/logo/logo.png HTTP/1.1" 304 -
::1 - - [02/Feb/2020:15:23:18 +0000] "GET /javascripts/socket.io.js HTTP/1.1" 304 -
::1 - - [02/Feb/2020:15:23:18 +0000] "GET /javascripts/connect.js HTTP/1.1" 304 -
::1 - - [02/Feb/2020:15:27:50 +0000] "GET / HTTP/1.1" 200 2510
::1 - - [02/Feb/2020:15:27:50 +0000] "GET /stylesheets/flatly.bootstrap.min.css HTTP/1.1" 304 -
::1 - - [02/Feb/2020:15:27:50 +0000] "GET /stylesheets/font/css/all.min.css HTTP/1.1" 304 -
::1 - - [02/Feb/2020:15:27:50 +0000] "GET /stylesheets/style.css HTTP/1.1" 304 -
::1 - - [02/Feb/2020:15:27:50 +0000] "GET /javascripts/stroll.min.js HTTP/1.1" 304 -
::1 - - [02/Feb/2020:15:27:50 +0000] "GET /javascripts/jquery.min.js HTTP/1.1" 304 -
::1 - - [02/Feb/2020:15:27:50 +0000] "GET /javascripts/bootstrap.min.js HTTP/1.1" 304 -
::1 - - [02/Feb/2020:15:27:50 +0000] "GET /javascripts/dom.js HTTP/1.1" 304 -
::1 - - [02/Feb/2020:15:27:50 +0000] "GET /images/logo/logo.png HTTP/1.1" 304 -
::1 - - [02/Feb/2020:15:27:50 +0000] "GET /javascripts/socket.io.js HTTP/1.1" 304 -
::1 - - [02/Feb/2020:15:27:50 +0000] "GET /javascripts/connect.js HTTP/1.1" 304 -
::1 - - [02/Feb/2020:15:27:51 +0000] "GET /images/logo/favicon.ico HTTP/1.1" 200 1150
::1 - - [02/Feb/2020:15:29:42 +0000] "GET /stylesheets/flatly.bootstrap.min.css HTTP/1.1" 304 -
::1 - - [02/Feb/2020:15:29:42 +0000] "GET /stylesheets/font/css/all.min.css HTTP/1.1" 304 -
::1 - - [02/Feb/2020:15:29:42 +0000] "GET /stylesheets/style.css HTTP/1.1" 304 -
::1 - - [02/Feb/2020:15:29:42 +0000] "GET /javascripts/socket.io.js.map HTTP/1.1" 404 3476
::1 - - [02/Feb/2020:15:29:43 +0000] "GET /account/new HTTP/1.1" 200 6638
::1 - - [02/Feb/2020:15:29:43 +0000] "GET /stylesheets/flatly.bootstrap.min.css HTTP/1.1" 304 -
::1 - - [02/Feb/2020:15:29:43 +0000] "GET /stylesheets/font/css/all.min.css HTTP/1.1" 304 -
::1 - - [02/Feb/2020:15:29:43 +0000] "GET /stylesheets/style.css HTTP/1.1" 304 -
::1 - - [02/Feb/2020:15:29:43 +0000] "GET /javascripts/stroll.min.js HTTP/1.1" 304 -
::1 - - [02/Feb/2020:15:29:43 +0000] "GET /javascripts/jquery.min.js HTTP/1.1" 304 -
::1 - - [02/Feb/2020:15:29:43 +0000] "GET /javascripts/bootstrap.min.js HTTP/1.1" 304 -
::1 - - [02/Feb/2020:15:29:43 +0000] "GET /javascripts/dom.js HTTP/1.1" 304 -
::1 - - [02/Feb/2020:15:29:43 +0000] "GET /images/logo/logo.png HTTP/1.1" 304 -
::1 - - [02/Feb/2020:15:29:44 +0000] "GET /javascripts/socket.io.js HTTP/1.1" 304 -
::1 - - [02/Feb/2020:15:29:44 +0000] "GET /javascripts/connect.js HTTP/1.1" 304 -
::1 - - [02/Feb/2020:15:29:44 +0000] "GET /javascripts/socket.io.js.map HTTP/1.1" 404 3476
::1 - - [02/Feb/2020:15:29:56 +0000] "GET /javascripts/socket.io.js.map HTTP/1.1" 404 3476
::1 - - [02/Feb/2020:15:30:00 +0000] "GET /account/new HTTP/1.1" 304 -
::1 - - [02/Feb/2020:15:30:00 +0000] "GET /stylesheets/flatly.bootstrap.min.css HTTP/1.1" 304 -
::1 - - [02/Feb/2020:15:30:00 +0000] "GET /stylesheets/font/css/all.min.css HTTP/1.1" 304 -
::1 - - [02/Feb/2020:15:30:00 +0000] "GET /stylesheets/style.css HTTP/1.1" 304 -
::1 - - [02/Feb/2020:15:30:00 +0000] "GET /javascripts/stroll.min.js HTTP/1.1" 304 -
::1 - - [02/Feb/2020:15:30:00 +0000] "GET /javascripts/jquery.min.js HTTP/1.1" 304 -
::1 - - [02/Feb/2020:15:30:00 +0000] "GET /javascripts/bootstrap.min.js HTTP/1.1" 304 -
::1 - - [02/Feb/2020:15:30:00 +0000] "GET /javascripts/dom.js HTTP/1.1" 304 -
::1 - - [02/Feb/2020:15:30:00 +0000] "GET /images/logo/logo.png HTTP/1.1" 304 -
::1 - - [02/Feb/2020:15:30:00 +0000] "GET /javascripts/socket.io.js HTTP/1.1" 304 -
::1 - - [02/Feb/2020:15:30:00 +0000] "GET /javascripts/connect.js HTTP/1.1" 304 -
::1 - - [02/Feb/2020:15:30:00 +0000] "GET /javascripts/socket.io.js.map HTTP/1.1" 404 3476
::1 - - [02/Feb/2020:15:30:04 +0000] "GET /javascripts/socket.io.js.map HTTP/1.1" 404 3476
::1 - - [02/Feb/2020:16:10:17 +0000] "GET / HTTP/1.1" 200 2538
::1 - - [02/Feb/2020:16:10:17 +0000] "GET /stylesheets/flatly.bootstrap.min.css HTTP/1.1" 304 -
::1 - - [02/Feb/2020:16:10:17 +0000] "GET /stylesheets/font/css/all.min.css HTTP/1.1" 304 -
::1 - - [02/Feb/2020:16:10:17 +0000] "GET /stylesheets/style.css HTTP/1.1" 304 -
::1 - - [02/Feb/2020:16:10:17 +0000] "GET /javascripts/stroll.min.js HTTP/1.1" 304 -
::1 - - [02/Feb/2020:16:10:17 +0000] "GET /javascripts/jquery.min.js HTTP/1.1" 304 -
::1 - - [02/Feb/2020:16:10:17 +0000] "GET /javascripts/bootstrap.min.js HTTP/1.1" 304 -
::1 - - [02/Feb/2020:16:10:17 +0000] "GET /javascripts/dom.js HTTP/1.1" 304 -
::1 - - [02/Feb/2020:16:10:17 +0000] "GET /images/logo/a3284904ff3ca9a0dbf313ebbe960570.png HTTP/1.1" 404 3476
::1 - - [02/Feb/2020:16:10:18 +0000] "GET /javascripts/socket.io.js HTTP/1.1" 304 -
::1 - - [02/Feb/2020:16:10:18 +0000] "GET /javascripts/connect.js HTTP/1.1" 304 -
::1 - - [02/Feb/2020:16:10:19 +0000] "GET / HTTP/1.1" 304 -
::1 - - [02/Feb/2020:16:10:19 +0000] "GET /stylesheets/flatly.bootstrap.min.css HTTP/1.1" 304 -
::1 - - [02/Feb/2020:16:10:19 +0000] "GET /stylesheets/font/css/all.min.css HTTP/1.1" 304 -
::1 - - [02/Feb/2020:16:10:19 +0000] "GET /images/logo/a3284904ff3ca9a0dbf313ebbe960570.png HTTP/1.1" 404 3476
::1 - - [02/Feb/2020:16:10:19 +0000] "GET /stylesheets/style.css HTTP/1.1" 304 -
::1 - - [02/Feb/2020:16:10:19 +0000] "GET /javascripts/stroll.min.js HTTP/1.1" 304 -
::1 - - [02/Feb/2020:16:10:19 +0000] "GET /javascripts/jquery.min.js HTTP/1.1" 304 -
::1 - - [02/Feb/2020:16:10:19 +0000] "GET /javascripts/bootstrap.min.js HTTP/1.1" 304 -
::1 - - [02/Feb/2020:16:10:19 +0000] "GET /javascripts/dom.js HTTP/1.1" 304 -
::1 - - [02/Feb/2020:16:10:19 +0000] "GET /javascripts/socket.io.js HTTP/1.1" 304 -
::1 - - [02/Feb/2020:16:10:19 +0000] "GET /javascripts/connect.js HTTP/1.1" 304 -
::1 - - [02/Feb/2020:16:10:20 +0000] "GET / HTTP/1.1" 304 -
::1 - - [02/Feb/2020:16:10:20 +0000] "GET /stylesheets/flatly.bootstrap.min.css HTTP/1.1" 304 -
::1 - - [02/Feb/2020:16:10:20 +0000] "GET /stylesheets/font/css/all.min.css HTTP/1.1" 304 -
::1 - - [02/Feb/2020:16:10:20 +0000] "GET /stylesheets/style.css HTTP/1.1" 304 -
::1 - - [02/Feb/2020:16:10:20 +0000] "GET /javascripts/stroll.min.js HTTP/1.1" 304 -
::1 - - [02/Feb/2020:16:10:20 +0000] "GET /javascripts/jquery.min.js HTTP/1.1" 304 -
::1 - - [02/Feb/2020:16:10:20 +0000] "GET /javascripts/bootstrap.min.js HTTP/1.1" 304 -
::1 - - [02/Feb/2020:16:10:20 +0000] "GET /javascripts/dom.js HTTP/1.1" 304 -
::1 - - [02/Feb/2020:16:10:20 +0000] "GET /images/logo/a3284904ff3ca9a0dbf313ebbe960570.png HTTP/1.1" 404 3476
::1 - - [02/Feb/2020:16:10:20 +0000] "GET /javascripts/socket.io.js HTTP/1.1" 304 -
::1 - - [02/Feb/2020:16:10:20 +0000] "GET /javascripts/connect.js HTTP/1.1" 304 -
::1 - - [02/Feb/2020:16:10:20 +0000] "GET / HTTP/1.1" 304 -
::1 - - [02/Feb/2020:16:10:20 +0000] "GET /stylesheets/flatly.bootstrap.min.css HTTP/1.1" 304 -
::1 - - [02/Feb/2020:16:10:20 +0000] "GET /stylesheets/font/css/all.min.css HTTP/1.1" 304 -
::1 - - [02/Feb/2020:16:10:20 +0000] "GET /stylesheets/style.css HTTP/1.1" 304 -
::1 - - [02/Feb/2020:16:10:20 +0000] "GET /javascripts/stroll.min.js HTTP/1.1" 304 -
::1 - - [02/Feb/2020:16:10:20 +0000] "GET /javascripts/jquery.min.js HTTP/1.1" 304 -
::1 - - [02/Feb/2020:16:10:20 +0000] "GET /javascripts/bootstrap.min.js HTTP/1.1" 304 -
::1 - - [02/Feb/2020:16:10:20 +0000] "GET /javascripts/dom.js HTTP/1.1" 304 -
::1 - - [02/Feb/2020:16:10:20 +0000] "GET /images/logo/a3284904ff3ca9a0dbf313ebbe960570.png HTTP/1.1" 404 3476
::1 - - [02/Feb/2020:16:10:20 +0000] "GET /javascripts/socket.io.js HTTP/1.1" 304 -
::1 - - [02/Feb/2020:16:10:21 +0000] "GET /javascripts/connect.js HTTP/1.1" 304 -
::1 - - [02/Feb/2020:16:13:01 +0000] "GET / HTTP/1.1" 304 -
::1 - - [02/Feb/2020:16:13:01 +0000] "GET /stylesheets/flatly.bootstrap.min.css HTTP/1.1" 304 -
::1 - - [02/Feb/2020:16:13:01 +0000] "GET /stylesheets/font/css/all.min.css HTTP/1.1" 304 -
::1 - - [02/Feb/2020:16:13:01 +0000] "GET /javascripts/dom.js HTTP/1.1" 304 -
::1 - - [02/Feb/2020:16:13:01 +0000] "GET /stylesheets/style.css HTTP/1.1" 304 -
::1 - - [02/Feb/2020:16:13:01 +0000] "GET /javascripts/stroll.min.js HTTP/1.1" 304 -
::1 - - [02/Feb/2020:16:13:01 +0000] "GET /javascripts/jquery.min.js HTTP/1.1" 304 -
::1 - - [02/Feb/2020:16:13:01 +0000] "GET /javascripts/bootstrap.min.js HTTP/1.1" 304 -
::1 - - [02/Feb/2020:16:13:01 +0000] "GET /images/logo/a3284904ff3ca9a0dbf313ebbe960570.png HTTP/1.1" 404 3476
::1 - - [02/Feb/2020:16:13:01 +0000] "GET /javascripts/socket.io.js HTTP/1.1" 304 -
::1 - - [02/Feb/2020:16:13:01 +0000] "GET /javascripts/connect.js HTTP/1.1" 304 -
::1 - - [02/Feb/2020:16:13:04 +0000] "GET / HTTP/1.1" 304 -
::1 - - [02/Feb/2020:16:13:04 +0000] "GET /stylesheets/flatly.bootstrap.min.css HTTP/1.1" 304 -
::1 - - [02/Feb/2020:16:13:04 +0000] "GET /stylesheets/font/css/all.min.css HTTP/1.1" 304 -
::1 - - [02/Feb/2020:16:13:04 +0000] "GET /stylesheets/style.css HTTP/1.1" 304 -
::1 - - [02/Feb/2020:16:13:04 +0000] "GET /javascripts/stroll.min.js HTTP/1.1" 304 -
::1 - - [02/Feb/2020:16:13:04 +0000] "GET /javascripts/jquery.min.js HTTP/1.1" 304 -
::1 - - [02/Feb/2020:16:13:04 +0000] "GET /javascripts/bootstrap.min.js HTTP/1.1" 304 -
::1 - - [02/Feb/2020:16:13:04 +0000] "GET /javascripts/dom.js HTTP/1.1" 304 -
::1 - - [02/Feb/2020:16:13:04 +0000] "GET /images/logo/a3284904ff3ca9a0dbf313ebbe960570.png HTTP/1.1" 404 3476
::1 - - [02/Feb/2020:16:13:05 +0000] "GET /javascripts/socket.io.js HTTP/1.1" 304 -
::1 - - [02/Feb/2020:16:13:05 +0000] "GET /javascripts/connect.js HTTP/1.1" 304 -
::1 - - [02/Feb/2020:16:13:05 +0000] "GET /images/logo/favicon.ico HTTP/1.1" 200 1150
::1 - - [02/Feb/2020:16:13:07 +0000] "GET / HTTP/1.1" 304 -
::1 - - [02/Feb/2020:16:13:07 +0000] "GET /stylesheets/flatly.bootstrap.min.css HTTP/1.1" 304 -
::1 - - [02/Feb/2020:16:13:07 +0000] "GET /stylesheets/font/css/all.min.css HTTP/1.1" 304 -
::1 - - [02/Feb/2020:16:13:07 +0000] "GET /stylesheets/style.css HTTP/1.1" 304 -
::1 - - [02/Feb/2020:16:13:07 +0000] "GET /javascripts/stroll.min.js HTTP/1.1" 304 -
::1 - - [02/Feb/2020:16:13:07 +0000] "GET /javascripts/jquery.min.js HTTP/1.1" 304 -
::1 - - [02/Feb/2020:16:13:07 +0000] "GET /javascripts/bootstrap.min.js HTTP/1.1" 304 -
::1 - - [02/Feb/2020:16:13:07 +0000] "GET /javascripts/dom.js HTTP/1.1" 304 -
::1 - - [02/Feb/2020:16:13:07 +0000] "GET /images/logo/a3284904ff3ca9a0dbf313ebbe960570.png HTTP/1.1" 404 3476
::1 - - [02/Feb/2020:16:13:07 +0000] "GET /javascripts/socket.io.js HTTP/1.1" 304 -
::1 - - [02/Feb/2020:16:13:07 +0000] "GET /javascripts/connect.js HTTP/1.1" 304 -
::1 - - [02/Feb/2020:16:13:09 +0000] "GET / HTTP/1.1" 304 -
::1 - - [02/Feb/2020:16:13:09 +0000] "GET /stylesheets/flatly.bootstrap.min.css HTTP/1.1" 304 -
::1 - - [02/Feb/2020:16:13:09 +0000] "GET /stylesheets/font/css/all.min.css HTTP/1.1" 304 -
::1 - - [02/Feb/2020:16:13:09 +0000] "GET /stylesheets/style.css HTTP/1.1" 304 -
::1 - - [02/Feb/2020:16:13:09 +0000] "GET /javascripts/stroll.min.js HTTP/1.1" 304 -
::1 - - [02/Feb/2020:16:13:09 +0000] "GET /javascripts/jquery.min.js HTTP/1.1" 304 -
::1 - - [02/Feb/2020:16:13:09 +0000] "GET /javascripts/bootstrap.min.js HTTP/1.1" 304 -
::1 - - [02/Feb/2020:16:13:09 +0000] "GET /javascripts/dom.js HTTP/1.1" 304 -
::1 - - [02/Feb/2020:16:13:09 +0000] "GET /images/logo/a3284904ff3ca9a0dbf313ebbe960570.png HTTP/1.1" 404 3476
::1 - - [02/Feb/2020:16:13:09 +0000] "GET /javascripts/socket.io.js HTTP/1.1" 304 -
::1 - - [02/Feb/2020:16:13:09 +0000] "GET /javascripts/connect.js HTTP/1.1" 304 -
::1 - - [02/Feb/2020:16:13:11 +0000] "GET /images/logo/a3284904ff3ca9a0dbf313ebbe960570.png HTTP/1.1" 404 3476
::1 - - [02/Feb/2020:16:13:58 +0000] "GET / HTTP/1.1" 200 2538
::1 - - [02/Feb/2020:16:13:58 +0000] "GET /stylesheets/flatly.bootstrap.min.css HTTP/1.1" 304 -
::1 - - [02/Feb/2020:16:13:58 +0000] "GET /stylesheets/font/css/all.min.css HTTP/1.1" 304 -
::1 - - [02/Feb/2020:16:13:58 +0000] "GET /stylesheets/style.css HTTP/1.1" 304 -
::1 - - [02/Feb/2020:16:13:58 +0000] "GET /javascripts/stroll.min.js HTTP/1.1" 304 -
::1 - - [02/Feb/2020:16:13:58 +0000] "GET /javascripts/jquery.min.js HTTP/1.1" 304 -
::1 - - [02/Feb/2020:16:13:58 +0000] "GET /javascripts/bootstrap.min.js HTTP/1.1" 304 -
::1 - - [02/Feb/2020:16:13:58 +0000] "GET /javascripts/dom.js HTTP/1.1" 304 -
::1 - - [02/Feb/2020:16:13:58 +0000] "GET /images/logo/a3284904ff3ca9a0dbf313ebbe960570.jpg HTTP/1.1" 200 43590
::1 - - [02/Feb/2020:16:13:58 +0000] "GET /javascripts/socket.io.js HTTP/1.1" 304 -
::1 - - [02/Feb/2020:16:13:58 +0000] "GET /javascripts/connect.js HTTP/1.1" 304 -
::1 - - [02/Feb/2020:16:13:59 +0000] "GET /images/logo/favicon.ico HTTP/1.1" 200 1150
::1 - - [02/Feb/2020:16:14:07 +0000] "GET / HTTP/1.1" 304 -
::1 - - [02/Feb/2020:16:14:07 +0000] "GET /stylesheets/flatly.bootstrap.min.css HTTP/1.1" 304 -
::1 - - [02/Feb/2020:16:14:07 +0000] "GET /stylesheets/font/css/all.min.css HTTP/1.1" 304 -
::1 - - [02/Feb/2020:16:14:07 +0000] "GET /stylesheets/style.css HTTP/1.1" 304 -
::1 - - [02/Feb/2020:16:14:07 +0000] "GET /javascripts/stroll.min.js HTTP/1.1" 304 -
::1 - - [02/Feb/2020:16:14:07 +0000] "GET /javascripts/jquery.min.js HTTP/1.1" 304 -
::1 - - [02/Feb/2020:16:14:07 +0000] "GET /javascripts/bootstrap.min.js HTTP/1.1" 304 -
::1 - - [02/Feb/2020:16:14:07 +0000] "GET /javascripts/dom.js HTTP/1.1" 304 -
::1 - - [02/Feb/2020:16:14:07 +0000] "GET /images/logo/a3284904ff3ca9a0dbf313ebbe960570.jpg HTTP/1.1" 304 -
::1 - - [02/Feb/2020:16:14:08 +0000] "GET /javascripts/socket.io.js HTTP/1.1" 304 -
::1 - - [02/Feb/2020:16:14:08 +0000] "GET /javascripts/connect.js HTTP/1.1" 304 -
::1 - - [02/Feb/2020:16:14:13 +0000] "GET / HTTP/1.1" 304 -
::1 - - [02/Feb/2020:16:14:13 +0000] "GET /stylesheets/flatly.bootstrap.min.css HTTP/1.1" 304 -
::1 - - [02/Feb/2020:16:14:13 +0000] "GET /stylesheets/font/css/all.min.css HTTP/1.1" 304 -
::1 - - [02/Feb/2020:16:14:13 +0000] "GET /stylesheets/style.css HTTP/1.1" 304 -
::1 - - [02/Feb/2020:16:14:13 +0000] "GET /javascripts/stroll.min.js HTTP/1.1" 304 -
::1 - - [02/Feb/2020:16:14:13 +0000] "GET /javascripts/jquery.min.js HTTP/1.1" 304 -
::1 - - [02/Feb/2020:16:14:13 +0000] "GET /javascripts/bootstrap.min.js HTTP/1.1" 304 -
::1 - - [02/Feb/2020:16:14:13 +0000] "GET /javascripts/dom.js HTTP/1.1" 304 -
::1 - - [02/Feb/2020:16:14:13 +0000] "GET /images/logo/a3284904ff3ca9a0dbf313ebbe960570.jpg HTTP/1.1" 304 -
::1 - - [02/Feb/2020:16:14:14 +0000] "GET /javascripts/socket.io.js HTTP/1.1" 304 -
::1 - - [02/Feb/2020:16:14:14 +0000] "GET /javascripts/connect.js HTTP/1.1" 304 -
::1 - - [02/Feb/2020:16:14:18 +0000] "GET / HTTP/1.1" 304 -
::1 - - [02/Feb/2020:16:14:18 +0000] "GET /stylesheets/flatly.bootstrap.min.css HTTP/1.1" 304 -
::1 - - [02/Feb/2020:16:14:18 +0000] "GET /stylesheets/font/css/all.min.css HTTP/1.1" 304 -
::1 - - [02/Feb/2020:16:14:18 +0000] "GET /stylesheets/style.css HTTP/1.1" 304 -
::1 - - [02/Feb/2020:16:14:18 +0000] "GET /javascripts/stroll.min.js HTTP/1.1" 304 -
::1 - - [02/Feb/2020:16:14:18 +0000] "GET /javascripts/jquery.min.js HTTP/1.1" 304 -
::1 - - [02/Feb/2020:16:14:18 +0000] "GET /javascripts/bootstrap.min.js HTTP/1.1" 304 -
::1 - - [02/Feb/2020:16:14:18 +0000] "GET /javascripts/dom.js HTTP/1.1" 304 -
::1 - - [02/Feb/2020:16:14:18 +0000] "GET /images/logo/a3284904ff3ca9a0dbf313ebbe960570.jpg HTTP/1.1" 304 -
::1 - - [02/Feb/2020:16:14:18 +0000] "GET /javascripts/socket.io.js HTTP/1.1" 304 -
::1 - - [02/Feb/2020:16:14:18 +0000] "GET /javascripts/connect.js HTTP/1.1" 304 -
::1 - - [02/Feb/2020:16:14:18 +0000] "GET / HTTP/1.1" 304 -
::1 - - [02/Feb/2020:16:14:18 +0000] "GET /stylesheets/flatly.bootstrap.min.css HTTP/1.1" 304 -
::1 - - [02/Feb/2020:16:14:18 +0000] "GET /stylesheets/font/css/all.min.css HTTP/1.1" 304 -
::1 - - [02/Feb/2020:16:14:18 +0000] "GET /stylesheets/style.css HTTP/1.1" 304 -
::1 - - [02/Feb/2020:16:14:18 +0000] "GET /javascripts/stroll.min.js HTTP/1.1" 304 -
::1 - - [02/Feb/2020:16:14:18 +0000] "GET /javascripts/jquery.min.js HTTP/1.1" 304 -
::1 - - [02/Feb/2020:16:14:18 +0000] "GET /javascripts/bootstrap.min.js HTTP/1.1" 304 -
::1 - - [02/Feb/2020:16:14:18 +0000] "GET /javascripts/dom.js HTTP/1.1" 304 -
::1 - - [02/Feb/2020:16:14:18 +0000] "GET /images/logo/a3284904ff3ca9a0dbf313ebbe960570.jpg HTTP/1.1" 304 -
::1 - - [02/Feb/2020:16:14:18 +0000] "GET /javascripts/socket.io.js HTTP/1.1" 304 -
::1 - - [02/Feb/2020:16:14:18 +0000] "GET /javascripts/connect.js HTTP/1.1" 304 -
::1 - - [02/Feb/2020:16:14:20 +0000] "GET / HTTP/1.1" 304 -
::1 - - [02/Feb/2020:16:14:20 +0000] "GET /stylesheets/flatly.bootstrap.min.css HTTP/1.1" 304 -
::1 - - [02/Feb/2020:16:14:20 +0000] "GET /stylesheets/font/css/all.min.css HTTP/1.1" 304 -
::1 - - [02/Feb/2020:16:14:20 +0000] "GET /stylesheets/style.css HTTP/1.1" 304 -
::1 - - [02/Feb/2020:16:14:20 +0000] "GET /javascripts/stroll.min.js HTTP/1.1" 304 -
::1 - - [02/Feb/2020:16:14:20 +0000] "GET /javascripts/jquery.min.js HTTP/1.1" 304 -
::1 - - [02/Feb/2020:16:14:20 +0000] "GET /javascripts/bootstrap.min.js HTTP/1.1" 304 -
::1 - - [02/Feb/2020:16:14:20 +0000] "GET /javascripts/dom.js HTTP/1.1" 304 -
::1 - - [02/Feb/2020:16:14:20 +0000] "GET /images/logo/a3284904ff3ca9a0dbf313ebbe960570.jpg HTTP/1.1" 304 -
::1 - - [02/Feb/2020:16:14:20 +0000] "GET /javascripts/socket.io.js HTTP/1.1" 304 -
::1 - - [02/Feb/2020:16:14:20 +0000] "GET /javascripts/connect.js HTTP/1.1" 304 -
::1 - - [02/Feb/2020:16:14:25 +0000] "GET / HTTP/1.1" 304 -
::1 - - [02/Feb/2020:16:14:25 +0000] "GET /stylesheets/flatly.bootstrap.min.css HTTP/1.1" 304 -
::1 - - [02/Feb/2020:16:14:25 +0000] "GET /stylesheets/font/css/all.min.css HTTP/1.1" 304 -
::1 - - [02/Feb/2020:16:14:25 +0000] "GET /stylesheets/style.css HTTP/1.1" 304 -
::1 - - [02/Feb/2020:16:14:25 +0000] "GET /javascripts/stroll.min.js HTTP/1.1" 304 -
::1 - - [02/Feb/2020:16:14:25 +0000] "GET /javascripts/jquery.min.js HTTP/1.1" 304 -
::1 - - [02/Feb/2020:16:14:25 +0000] "GET /javascripts/bootstrap.min.js HTTP/1.1" 304 -
::1 - - [02/Feb/2020:16:14:25 +0000] "GET /javascripts/dom.js HTTP/1.1" 304 -
::1 - - [02/Feb/2020:16:14:25 +0000] "GET /javascripts/socket.io.js HTTP/1.1" 304 -
::1 - - [02/Feb/2020:16:14:25 +0000] "GET /images/logo/a3284904ff3ca9a0dbf313ebbe960570.jpg HTTP/1.1" 304 -
::1 - - [02/Feb/2020:16:14:26 +0000] "GET /javascripts/connect.js HTTP/1.1" 304 -
::1 - - [02/Feb/2020:16:17:05 +0000] "GET /stylesheets/flatly.bootstrap.min.css HTTP/1.1" 304 -
::1 - - [02/Feb/2020:16:17:05 +0000] "GET /stylesheets/font/css/all.min.css HTTP/1.1" 304 -
::1 - - [02/Feb/2020:16:17:05 +0000] "GET /stylesheets/style.css HTTP/1.1" 304 -
::1 - - [02/Feb/2020:16:17:05 +0000] "GET /javascripts/socket.io.js.map HTTP/1.1" 404 3476
::1 - - [02/Feb/2020:16:18:04 +0000] "GET /javascripts/socket.io.js.map HTTP/1.1" 404 3476
::1 - - [02/Feb/2020:17:51:42 +0000] "GET /javascripts/socket.io.js.map HTTP/1.1" 404 3459
::1 - - [02/Feb/2020:17:54:19 +0000] "GET /account/new HTTP/1.1" 304 -
::1 - - [02/Feb/2020:17:54:19 +0000] "GET /stylesheets/flatly.bootstrap.min.css HTTP/1.1" 304 -
::1 - - [02/Feb/2020:17:54:19 +0000] "GET /stylesheets/font/css/all.min.css HTTP/1.1" 304 -
::1 - - [02/Feb/2020:17:54:19 +0000] "GET /javascripts/stroll.min.js HTTP/1.1" 304 -
::1 - - [02/Feb/2020:17:54:19 +0000] "GET /javascripts/jquery.min.js HTTP/1.1" 304 -
::1 - - [02/Feb/2020:17:54:19 +0000] "GET /javascripts/bootstrap.min.js HTTP/1.1" 304 -
::1 - - [02/Feb/2020:17:54:19 +0000] "GET /stylesheets/style.css HTTP/1.1" 200 12297
::1 - - [02/Feb/2020:17:54:19 +0000] "GET /javascripts/dom.js HTTP/1.1" 304 -
::1 - - [02/Feb/2020:17:54:19 +0000] "GET /images/logo/logo.png HTTP/1.1" 304 -
::1 - - [02/Feb/2020:17:54:20 +0000] "GET /javascripts/socket.io.js HTTP/1.1" 304 -
::1 - - [02/Feb/2020:17:54:20 +0000] "GET /javascripts/connect.js HTTP/1.1" 304 -
::1 - - [02/Feb/2020:17:54:20 +0000] "GET /javascripts/socket.io.js.map HTTP/1.1" 404 3476
::1 - - [02/Feb/2020:17:54:27 +0000] "GET /javascripts/socket.io.js.map HTTP/1.1" 404 3476
::1 - - [02/Feb/2020:18:15:15 +0000] "GET /account/new HTTP/1.1" 304 -
::1 - - [02/Feb/2020:18:15:15 +0000] "GET /stylesheets/flatly.bootstrap.min.css HTTP/1.1" 304 -
::1 - - [02/Feb/2020:18:15:15 +0000] "GET /stylesheets/font/css/all.min.css HTTP/1.1" 304 -
::1 - - [02/Feb/2020:18:15:15 +0000] "GET /stylesheets/style.css HTTP/1.1" 304 -
::1 - - [02/Feb/2020:18:15:15 +0000] "GET /javascripts/stroll.min.js HTTP/1.1" 304 -
::1 - - [02/Feb/2020:18:15:15 +0000] "GET /javascripts/jquery.min.js HTTP/1.1" 304 -
::1 - - [02/Feb/2020:18:15:15 +0000] "GET /javascripts/bootstrap.min.js HTTP/1.1" 304 -
::1 - - [02/Feb/2020:18:15:15 +0000] "GET /javascripts/dom.js HTTP/1.1" 304 -
::1 - - [02/Feb/2020:18:15:15 +0000] "GET /images/logo/logo.png HTTP/1.1" 304 -
::1 - - [02/Feb/2020:18:15:15 +0000] "GET /javascripts/socket.io.js HTTP/1.1" 304 -
::1 - - [02/Feb/2020:18:15:15 +0000] "GET /javascripts/connect.js HTTP/1.1" 304 -
::1 - - [02/Feb/2020:18:15:15 +0000] "GET /javascripts/socket.io.js.map HTTP/1.1" 404 3476
::1 - - [02/Feb/2020:18:15:18 +0000] "GET /javascripts/socket.io.js.map HTTP/1.1" 404 3476
::1 - - [02/Feb/2020:18:18:18 +0000] "GET / HTTP/1.1" 304 -
::1 - - [02/Feb/2020:18:18:18 +0000] "GET /stylesheets/flatly.bootstrap.min.css HTTP/1.1" 304 -
::1 - - [02/Feb/2020:18:18:18 +0000] "GET /stylesheets/font/css/all.min.css HTTP/1.1" 304 -
::1 - - [02/Feb/2020:18:18:18 +0000] "GET /stylesheets/style.css HTTP/1.1" 304 -
::1 - - [02/Feb/2020:18:18:18 +0000] "GET /javascripts/jquery.min.js HTTP/1.1" 304 -
::1 - - [02/Feb/2020:18:18:18 +0000] "GET /javascripts/stroll.min.js HTTP/1.1" 304 -
::1 - - [02/Feb/2020:18:18:18 +0000] "GET /javascripts/bootstrap.min.js HTTP/1.1" 304 -
::1 - - [02/Feb/2020:18:18:18 +0000] "GET /javascripts/dom.js HTTP/1.1" 304 -
::1 - - [02/Feb/2020:18:18:18 +0000] "GET /images/logo/a3284904ff3ca9a0dbf313ebbe960570.jpg HTTP/1.1" 304 -
::1 - - [02/Feb/2020:18:18:18 +0000] "GET /javascripts/socket.io.js HTTP/1.1" 304 -
::1 - - [02/Feb/2020:18:18:18 +0000] "GET /javascripts/connect.js HTTP/1.1" 304 -
::1 - - [02/Feb/2020:18:18:19 +0000] "GET /javascripts/socket.io.js.map HTTP/1.1" 404 3476
::1 - - [02/Feb/2020:18:18:19 +0000] "GET /images/logo/favicon.ico HTTP/1.1" 200 1150
::1 - - [02/Feb/2020:18:20:49 +0000] "GET / HTTP/1.1" 304 -
::1 - - [02/Feb/2020:18:20:49 +0000] "GET /stylesheets/flatly.bootstrap.min.css HTTP/1.1" 200 127320
::1 - - [02/Feb/2020:18:20:49 +0000] "GET /stylesheets/font/css/all.min.css HTTP/1.1" 304 -
::1 - - [02/Feb/2020:18:20:49 +0000] "GET /stylesheets/style.css HTTP/1.1" 304 -
::1 - - [02/Feb/2020:18:20:49 +0000] "GET /javascripts/stroll.min.js HTTP/1.1" 304 -
::1 - - [02/Feb/2020:18:20:49 +0000] "GET /javascripts/jquery.min.js HTTP/1.1" 304 -
::1 - - [02/Feb/2020:18:20:49 +0000] "GET /javascripts/bootstrap.min.js HTTP/1.1" 304 -
::1 - - [02/Feb/2020:18:20:49 +0000] "GET /javascripts/dom.js HTTP/1.1" 304 -
::1 - - [02/Feb/2020:18:20:49 +0000] "GET /images/logo/a3284904ff3ca9a0dbf313ebbe960570.jpg HTTP/1.1" 304 -
::1 - - [02/Feb/2020:18:20:50 +0000] "GET /javascripts/socket.io.js HTTP/1.1" 304 -
::1 - - [02/Feb/2020:18:20:50 +0000] "GET /javascripts/connect.js HTTP/1.1" 304 -
::1 - - [02/Feb/2020:18:20:50 +0000] "GET /javascripts/socket.io.js.map HTTP/1.1" 404 3476
::1 - - [02/Feb/2020:18:20:50 +0000] "GET /images/logo/favicon.ico HTTP/1.1" 200 1150
::1 - - [02/Feb/2020:18:20:58 +0000] "GET /account/new HTTP/1.1" 304 -
::1 - - [02/Feb/2020:18:20:58 +0000] "GET /stylesheets/flatly.bootstrap.min.css HTTP/1.1" 304 -
::1 - - [02/Feb/2020:18:20:58 +0000] "GET /stylesheets/font/css/all.min.css HTTP/1.1" 304 -
::1 - - [02/Feb/2020:18:20:58 +0000] "GET /stylesheets/style.css HTTP/1.1" 304 -
::1 - - [02/Feb/2020:18:20:58 +0000] "GET /javascripts/stroll.min.js HTTP/1.1" 304 -
::1 - - [02/Feb/2020:18:20:58 +0000] "GET /javascripts/jquery.min.js HTTP/1.1" 304 -
::1 - - [02/Feb/2020:18:20:58 +0000] "GET /javascripts/bootstrap.min.js HTTP/1.1" 304 -
::1 - - [02/Feb/2020:18:20:58 +0000] "GET /javascripts/dom.js HTTP/1.1" 304 -
::1 - - [02/Feb/2020:18:20:58 +0000] "GET /javascripts/socket.io.js HTTP/1.1" 304 -
::1 - - [02/Feb/2020:18:20:58 +0000] "GET /javascripts/connect.js HTTP/1.1" 304 -
::1 - - [02/Feb/2020:18:20:58 +0000] "GET /images/logo/logo.png HTTP/1.1" 304 -
::1 - - [02/Feb/2020:18:21:07 +0000] "GET /account/new HTTP/1.1" 304 -
::1 - - [02/Feb/2020:18:21:07 +0000] "GET /stylesheets/flatly.bootstrap.min.css HTTP/1.1" 304 -
::1 - - [02/Feb/2020:18:21:07 +0000] "GET /stylesheets/font/css/all.min.css HTTP/1.1" 304 -
::1 - - [02/Feb/2020:18:21:07 +0000] "GET /stylesheets/style.css HTTP/1.1" 304 -
::1 - - [02/Feb/2020:18:21:07 +0000] "GET /javascripts/stroll.min.js HTTP/1.1" 304 -
::1 - - [02/Feb/2020:18:21:07 +0000] "GET /javascripts/jquery.min.js HTTP/1.1" 304 -
::1 - - [02/Feb/2020:18:21:07 +0000] "GET /javascripts/bootstrap.min.js HTTP/1.1" 304 -
::1 - - [02/Feb/2020:18:21:07 +0000] "GET /javascripts/dom.js HTTP/1.1" 304 -
::1 - - [02/Feb/2020:18:21:07 +0000] "GET /images/logo/logo.png HTTP/1.1" 304 -
::1 - - [02/Feb/2020:18:21:08 +0000] "GET /javascripts/socket.io.js HTTP/1.1" 304 -
::1 - - [02/Feb/2020:18:21:08 +0000] "GET /javascripts/connect.js HTTP/1.1" 304 -
::1 - - [02/Feb/2020:18:21:08 +0000] "GET /javascripts/socket.io.js.map HTTP/1.1" 404 3476
::1 - - [02/Feb/2020:18:21:11 +0000] "GET /javascripts/socket.io.js.map HTTP/1.1" 404 3476
::1 - - [02/Feb/2020:18:21:14 +0000] "GET /account/new HTTP/1.1" 304 -
::1 - - [02/Feb/2020:18:21:14 +0000] "GET /stylesheets/flatly.bootstrap.min.css HTTP/1.1" 304 -
::1 - - [02/Feb/2020:18:21:14 +0000] "GET /stylesheets/font/css/all.min.css HTTP/1.1" 304 -
::1 - - [02/Feb/2020:18:21:14 +0000] "GET /stylesheets/style.css HTTP/1.1" 304 -
::1 - - [02/Feb/2020:18:21:14 +0000] "GET /javascripts/stroll.min.js HTTP/1.1" 304 -
::1 - - [02/Feb/2020:18:21:14 +0000] "GET /javascripts/jquery.min.js HTTP/1.1" 304 -
::1 - - [02/Feb/2020:18:21:14 +0000] "GET /javascripts/bootstrap.min.js HTTP/1.1" 304 -
::1 - - [02/Feb/2020:18:21:14 +0000] "GET /javascripts/dom.js HTTP/1.1" 304 -
::1 - - [02/Feb/2020:18:21:14 +0000] "GET /javascripts/socket.io.js HTTP/1.1" 304 -
::1 - - [02/Feb/2020:18:21:14 +0000] "GET /javascripts/connect.js HTTP/1.1" 304 -
::1 - - [02/Feb/2020:18:21:14 +0000] "GET /images/logo/logo.png HTTP/1.1" 304 -
::1 - - [02/Feb/2020:18:21:31 +0000] "GET /account/new HTTP/1.1" 304 -
::1 - - [02/Feb/2020:18:21:31 +0000] "GET /stylesheets/flatly.bootstrap.min.css HTTP/1.1" 304 -
::1 - - [02/Feb/2020:18:21:31 +0000] "GET /stylesheets/font/css/all.min.css HTTP/1.1" 304 -
::1 - - [02/Feb/2020:18:21:31 +0000] "GET /stylesheets/style.css HTTP/1.1" 304 -
::1 - - [02/Feb/2020:18:21:31 +0000] "GET /javascripts/stroll.min.js HTTP/1.1" 304 -
::1 - - [02/Feb/2020:18:21:31 +0000] "GET /javascripts/jquery.min.js HTTP/1.1" 304 -
::1 - - [02/Feb/2020:18:21:31 +0000] "GET /javascripts/bootstrap.min.js HTTP/1.1" 304 -
::1 - - [02/Feb/2020:18:21:31 +0000] "GET /javascripts/dom.js HTTP/1.1" 304 -
::1 - - [02/Feb/2020:18:21:31 +0000] "GET /javascripts/socket.io.js HTTP/1.1" 304 -
::1 - - [02/Feb/2020:18:21:31 +0000] "GET /javascripts/connect.js HTTP/1.1" 304 -
::1 - - [02/Feb/2020:18:21:31 +0000] "GET /images/logo/logo.png HTTP/1.1" 304 -
::1 - - [02/Feb/2020:18:21:42 +0000] "GET /account/new HTTP/1.1" 304 -
::1 - - [02/Feb/2020:18:21:42 +0000] "GET /stylesheets/flatly.bootstrap.min.css HTTP/1.1" 304 -
::1 - - [02/Feb/2020:18:21:42 +0000] "GET /stylesheets/font/css/all.min.css HTTP/1.1" 304 -
::1 - - [02/Feb/2020:18:21:42 +0000] "GET /stylesheets/style.css HTTP/1.1" 304 -
::1 - - [02/Feb/2020:18:21:42 +0000] "GET /javascripts/stroll.min.js HTTP/1.1" 304 -
::1 - - [02/Feb/2020:18:21:42 +0000] "GET /javascripts/jquery.min.js HTTP/1.1" 304 -
::1 - - [02/Feb/2020:18:21:42 +0000] "GET /javascripts/bootstrap.min.js HTTP/1.1" 304 -
::1 - - [02/Feb/2020:18:21:42 +0000] "GET /javascripts/dom.js HTTP/1.1" 304 -
::1 - - [02/Feb/2020:18:21:42 +0000] "GET /javascripts/socket.io.js HTTP/1.1" 304 -
::1 - - [02/Feb/2020:18:21:42 +0000] "GET /javascripts/connect.js HTTP/1.1" 304 -
::1 - - [02/Feb/2020:18:21:42 +0000] "GET /images/logo/logo.png HTTP/1.1" 304 -
::1 - - [02/Feb/2020:18:21:58 +0000] "GET /account/new HTTP/1.1" 304 -
::1 - - [02/Feb/2020:18:21:58 +0000] "GET /stylesheets/flatly.bootstrap.min.css HTTP/1.1" 304 -
::1 - - [02/Feb/2020:18:21:58 +0000] "GET /stylesheets/font/css/all.min.css HTTP/1.1" 304 -
::1 - - [02/Feb/2020:18:21:58 +0000] "GET /stylesheets/style.css HTTP/1.1" 304 -
::1 - - [02/Feb/2020:18:21:58 +0000] "GET /javascripts/stroll.min.js HTTP/1.1" 304 -
::1 - - [02/Feb/2020:18:21:58 +0000] "GET /javascripts/jquery.min.js HTTP/1.1" 304 -
::1 - - [02/Feb/2020:18:21:58 +0000] "GET /javascripts/bootstrap.min.js HTTP/1.1" 304 -
::1 - - [02/Feb/2020:18:21:58 +0000] "GET /javascripts/dom.js HTTP/1.1" 304 -
::1 - - [02/Feb/2020:18:21:58 +0000] "GET /javascripts/socket.io.js HTTP/1.1" 304 -
::1 - - [02/Feb/2020:18:21:58 +0000] "GET /javascripts/connect.js HTTP/1.1" 304 -
::1 - - [02/Feb/2020:18:21:58 +0000] "GET /images/logo/logo.png HTTP/1.1" 304 -
::1 - - [02/Feb/2020:18:23:01 +0000] "GET /account/new HTTP/1.1" 304 -
::1 - - [02/Feb/2020:18:23:01 +0000] "GET /stylesheets/flatly.bootstrap.min.css HTTP/1.1" 304 -
::1 - - [02/Feb/2020:18:23:01 +0000] "GET /stylesheets/font/css/all.min.css HTTP/1.1" 304 -
::1 - - [02/Feb/2020:18:23:02 +0000] "GET /stylesheets/style.css HTTP/1.1" 304 -
::1 - - [02/Feb/2020:18:23:02 +0000] "GET /javascripts/stroll.min.js HTTP/1.1" 304 -
::1 - - [02/Feb/2020:18:23:02 +0000] "GET /javascripts/jquery.min.js HTTP/1.1" 304 -
::1 - - [02/Feb/2020:18:23:02 +0000] "GET /javascripts/bootstrap.min.js HTTP/1.1" 304 -
::1 - - [02/Feb/2020:18:23:02 +0000] "GET /javascripts/dom.js HTTP/1.1" 304 -
::1 - - [02/Feb/2020:18:23:02 +0000] "GET /javascripts/socket.io.js HTTP/1.1" 304 -
::1 - - [02/Feb/2020:18:23:02 +0000] "GET /javascripts/connect.js HTTP/1.1" 304 -
::1 - - [02/Feb/2020:18:23:02 +0000] "GET /images/logo/logo.png HTTP/1.1" 304 -
::1 - - [02/Feb/2020:18:23:29 +0000] "GET /stylesheets/flatly.bootstrap.min.css HTTP/1.1" 304 -
::1 - - [02/Feb/2020:18:23:29 +0000] "GET /stylesheets/font/css/all.min.css HTTP/1.1" 304 -
::1 - - [02/Feb/2020:18:23:29 +0000] "GET /stylesheets/style.css HTTP/1.1" 304 -
::1 - - [02/Feb/2020:18:23:29 +0000] "GET /javascripts/socket.io.js.map HTTP/1.1" 404 3476
::1 - - [02/Feb/2020:18:23:30 +0000] "GET /account/new HTTP/1.1" 304 -
::1 - - [02/Feb/2020:18:23:30 +0000] "GET /stylesheets/flatly.bootstrap.min.css HTTP/1.1" 304 -
::1 - - [02/Feb/2020:18:23:30 +0000] "GET /stylesheets/font/css/all.min.css HTTP/1.1" 304 -
::1 - - [02/Feb/2020:18:23:31 +0000] "GET /stylesheets/style.css HTTP/1.1" 304 -
::1 - - [02/Feb/2020:18:23:31 +0000] "GET /javascripts/stroll.min.js HTTP/1.1" 304 -
::1 - - [02/Feb/2020:18:23:31 +0000] "GET /javascripts/jquery.min.js HTTP/1.1" 304 -
::1 - - [02/Feb/2020:18:23:31 +0000] "GET /javascripts/bootstrap.min.js HTTP/1.1" 304 -
::1 - - [02/Feb/2020:18:23:31 +0000] "GET /javascripts/dom.js HTTP/1.1" 304 -
::1 - - [02/Feb/2020:18:23:31 +0000] "GET /javascripts/socket.io.js HTTP/1.1" 304 -
::1 - - [02/Feb/2020:18:23:31 +0000] "GET /javascripts/connect.js HTTP/1.1" 304 -
::1 - - [02/Feb/2020:18:23:31 +0000] "GET /images/logo/logo.png HTTP/1.1" 304 -
::1 - - [02/Feb/2020:18:23:54 +0000] "GET /account/new HTTP/1.1" 304 -
::1 - - [02/Feb/2020:18:23:54 +0000] "GET /stylesheets/flatly.bootstrap.min.css HTTP/1.1" 304 -
::1 - - [02/Feb/2020:18:23:54 +0000] "GET /stylesheets/font/css/all.min.css HTTP/1.1" 304 -
::1 - - [02/Feb/2020:18:23:54 +0000] "GET /stylesheets/style.css HTTP/1.1" 304 -
::1 - - [02/Feb/2020:18:23:54 +0000] "GET /javascripts/stroll.min.js HTTP/1.1" 304 -
::1 - - [02/Feb/2020:18:23:54 +0000] "GET /javascripts/jquery.min.js HTTP/1.1" 304 -
::1 - - [02/Feb/2020:18:23:54 +0000] "GET /javascripts/bootstrap.min.js HTTP/1.1" 304 -
::1 - - [02/Feb/2020:18:23:54 +0000] "GET /javascripts/dom.js HTTP/1.1" 304 -
::1 - - [02/Feb/2020:18:23:54 +0000] "GET /images/logo/logo.png HTTP/1.1" 304 -
::1 - - [02/Feb/2020:18:23:54 +0000] "GET /javascripts/socket.io.js HTTP/1.1" 304 -
::1 - - [02/Feb/2020:18:23:54 +0000] "GET /javascripts/connect.js HTTP/1.1" 304 -
::1 - - [02/Feb/2020:18:23:54 +0000] "GET /javascripts/socket.io.js.map HTTP/1.1" 404 3476
::1 - - [02/Feb/2020:18:24:03 +0000] "GET /javascripts/socket.io.js.map HTTP/1.1" 404 3476
::1 - - [02/Feb/2020:18:27:26 +0000] "GET / HTTP/1.1" 304 -
::1 - - [02/Feb/2020:18:27:26 +0000] "GET /stylesheets/font/css/all.min.css HTTP/1.1" 304 -
::1 - - [02/Feb/2020:18:27:26 +0000] "GET /stylesheets/style.css HTTP/1.1" 304 -
::1 - - [02/Feb/2020:18:27:26 +0000] "GET /stylesheets/flatly.bootstrap.min.css HTTP/1.1" 200 127322
::1 - - [02/Feb/2020:18:27:26 +0000] "GET /javascripts/stroll.min.js HTTP/1.1" 304 -
::1 - - [02/Feb/2020:18:27:26 +0000] "GET /javascripts/jquery.min.js HTTP/1.1" 304 -
::1 - - [02/Feb/2020:18:27:26 +0000] "GET /javascripts/bootstrap.min.js HTTP/1.1" 304 -
::1 - - [02/Feb/2020:18:27:26 +0000] "GET /javascripts/dom.js HTTP/1.1" 304 -
::1 - - [02/Feb/2020:18:27:26 +0000] "GET /images/logo/a3284904ff3ca9a0dbf313ebbe960570.jpg HTTP/1.1" 304 -
::1 - - [02/Feb/2020:18:27:26 +0000] "GET /javascripts/socket.io.js HTTP/1.1" 304 -
::1 - - [02/Feb/2020:18:27:26 +0000] "GET /javascripts/connect.js HTTP/1.1" 304 -
::1 - - [02/Feb/2020:18:27:26 +0000] "GET /javascripts/socket.io.js.map HTTP/1.1" 404 3476
::1 - - [02/Feb/2020:18:27:27 +0000] "GET /images/logo/favicon.ico HTTP/1.1" 200 1150
::1 - - [02/Feb/2020:18:34:11 +0000] "GET / HTTP/1.1" 304 -
::1 - - [02/Feb/2020:18:34:11 +0000] "GET /stylesheets/flatly.bootstrap.min.css HTTP/1.1" 304 -
::1 - - [02/Feb/2020:18:34:11 +0000] "GET /stylesheets/font/css/all.min.css HTTP/1.1" 304 -
::1 - - [02/Feb/2020:18:34:11 +0000] "GET /stylesheets/style.css HTTP/1.1" 304 -
::1 - - [02/Feb/2020:18:34:11 +0000] "GET /javascripts/stroll.min.js HTTP/1.1" 304 -
::1 - - [02/Feb/2020:18:34:11 +0000] "GET /javascripts/jquery.min.js HTTP/1.1" 304 -
::1 - - [02/Feb/2020:18:34:11 +0000] "GET /javascripts/bootstrap.min.js HTTP/1.1" 304 -
::1 - - [02/Feb/2020:18:34:11 +0000] "GET /javascripts/dom.js HTTP/1.1" 304 -
::1 - - [02/Feb/2020:18:34:11 +0000] "GET /images/logo/a3284904ff3ca9a0dbf313ebbe960570.jpg HTTP/1.1" 304 -
::1 - - [02/Feb/2020:18:34:11 +0000] "GET /javascripts/socket.io.js HTTP/1.1" 304 -
::1 - - [02/Feb/2020:18:34:11 +0000] "GET /javascripts/connect.js HTTP/1.1" 304 -
::1 - - [02/Feb/2020:18:34:11 +0000] "GET /javascripts/socket.io.js.map HTTP/1.1" 404 3476
::1 - - [02/Feb/2020:18:34:12 +0000] "GET /images/logo/favicon.ico HTTP/1.1" 200 1150
::1 - - [02/Feb/2020:18:42:54 +0000] "GET / HTTP/1.1" 304 -
::1 - - [02/Feb/2020:18:42:54 +0000] "GET /stylesheets/flatly.bootstrap.min.css HTTP/1.1" 200 127322
::1 - - [02/Feb/2020:18:42:54 +0000] "GET /stylesheets/font/css/all.min.css HTTP/1.1" 304 -
::1 - - [02/Feb/2020:18:42:54 +0000] "GET /stylesheets/style.css HTTP/1.1" 304 -
::1 - - [02/Feb/2020:18:42:54 +0000] "GET /javascripts/stroll.min.js HTTP/1.1" 304 -
::1 - - [02/Feb/2020:18:42:54 +0000] "GET /javascripts/jquery.min.js HTTP/1.1" 304 -
::1 - - [02/Feb/2020:18:42:54 +0000] "GET /javascripts/bootstrap.min.js HTTP/1.1" 304 -
::1 - - [02/Feb/2020:18:42:54 +0000] "GET /javascripts/dom.js HTTP/1.1" 304 -
::1 - - [02/Feb/2020:18:42:54 +0000] "GET /images/logo/a3284904ff3ca9a0dbf313ebbe960570.jpg HTTP/1.1" 304 -
::1 - - [02/Feb/2020:18:42:54 +0000] "GET /javascripts/socket.io.js HTTP/1.1" 304 -
::1 - - [02/Feb/2020:18:42:54 +0000] "GET /javascripts/connect.js HTTP/1.1" 304 -
::1 - - [02/Feb/2020:18:42:54 +0000] "GET /javascripts/socket.io.js.map HTTP/1.1" 404 3476
::1 - - [02/Feb/2020:18:42:55 +0000] "GET /images/logo/favicon.ico HTTP/1.1" 200 1150
::1 - - [02/Feb/2020:18:43:52 +0000] "GET /account/new HTTP/1.1" 304 -
::1 - - [02/Feb/2020:18:43:52 +0000] "GET /stylesheets/flatly.bootstrap.min.css HTTP/1.1" 304 -
::1 - - [02/Feb/2020:18:43:52 +0000] "GET /stylesheets/font/css/all.min.css HTTP/1.1" 304 -
::1 - - [02/Feb/2020:18:43:52 +0000] "GET /stylesheets/style.css HTTP/1.1" 304 -
::1 - - [02/Feb/2020:18:43:52 +0000] "GET /javascripts/stroll.min.js HTTP/1.1" 304 -
::1 - - [02/Feb/2020:18:43:52 +0000] "GET /javascripts/jquery.min.js HTTP/1.1" 304 -
::1 - - [02/Feb/2020:18:43:52 +0000] "GET /javascripts/bootstrap.min.js HTTP/1.1" 304 -
::1 - - [02/Feb/2020:18:43:52 +0000] "GET /javascripts/dom.js HTTP/1.1" 304 -
::1 - - [02/Feb/2020:18:43:52 +0000] "GET /images/logo/logo.png HTTP/1.1" 304 -
::1 - - [02/Feb/2020:18:43:52 +0000] "GET /javascripts/connect.js HTTP/1.1" 304 -
::1 - - [02/Feb/2020:18:43:52 +0000] "GET /javascripts/socket.io.js HTTP/1.1" 304 -
::1 - - [02/Feb/2020:18:43:52 +0000] "GET /javascripts/socket.io.js.map HTTP/1.1" 404 3476
::1 - - [02/Feb/2020:18:43:55 +0000] "GET / HTTP/1.1" 304 -
::1 - - [02/Feb/2020:18:43:55 +0000] "GET /stylesheets/flatly.bootstrap.min.css HTTP/1.1" 304 -
::1 - - [02/Feb/2020:18:43:55 +0000] "GET /stylesheets/font/css/all.min.css HTTP/1.1" 304 -
::1 - - [02/Feb/2020:18:43:55 +0000] "GET /stylesheets/style.css HTTP/1.1" 304 -
::1 - - [02/Feb/2020:18:43:55 +0000] "GET /javascripts/stroll.min.js HTTP/1.1" 304 -
::1 - - [02/Feb/2020:18:43:55 +0000] "GET /javascripts/jquery.min.js HTTP/1.1" 304 -
::1 - - [02/Feb/2020:18:43:55 +0000] "GET /javascripts/bootstrap.min.js HTTP/1.1" 304 -
::1 - - [02/Feb/2020:18:43:55 +0000] "GET /javascripts/dom.js HTTP/1.1" 304 -
::1 - - [02/Feb/2020:18:43:55 +0000] "GET /images/logo/a3284904ff3ca9a0dbf313ebbe960570.jpg HTTP/1.1" 304 -
::1 - - [02/Feb/2020:18:43:55 +0000] "GET /javascripts/socket.io.js HTTP/1.1" 304 -
::1 - - [02/Feb/2020:18:43:55 +0000] "GET /javascripts/connect.js HTTP/1.1" 304 -
::1 - - [02/Feb/2020:18:43:55 +0000] "GET /javascripts/socket.io.js.map HTTP/1.1" 404 3476
::1 - - [02/Feb/2020:18:44:00 +0000] "GET /account/new HTTP/1.1" 304 -
::1 - - [02/Feb/2020:18:44:00 +0000] "GET /stylesheets/flatly.bootstrap.min.css HTTP/1.1" 304 -
::1 - - [02/Feb/2020:18:44:00 +0000] "GET /stylesheets/font/css/all.min.css HTTP/1.1" 304 -
::1 - - [02/Feb/2020:18:44:00 +0000] "GET /stylesheets/style.css HTTP/1.1" 304 -
::1 - - [02/Feb/2020:18:44:00 +0000] "GET /javascripts/stroll.min.js HTTP/1.1" 304 -
::1 - - [02/Feb/2020:18:44:00 +0000] "GET /javascripts/jquery.min.js HTTP/1.1" 304 -
::1 - - [02/Feb/2020:18:44:00 +0000] "GET /javascripts/bootstrap.min.js HTTP/1.1" 304 -
::1 - - [02/Feb/2020:18:44:00 +0000] "GET /javascripts/dom.js HTTP/1.1" 304 -
::1 - - [02/Feb/2020:18:44:00 +0000] "GET /images/logo/logo.png HTTP/1.1" 304 -
::1 - - [02/Feb/2020:18:44:00 +0000] "GET /javascripts/socket.io.js HTTP/1.1" 304 -
::1 - - [02/Feb/2020:18:44:00 +0000] "GET /javascripts/connect.js HTTP/1.1" 304 -
::1 - - [02/Feb/2020:18:44:00 +0000] "GET /javascripts/socket.io.js.map HTTP/1.1" 404 3476
::1 - - [02/Feb/2020:18:44:08 +0000] "GET / HTTP/1.1" 304 -
::1 - - [02/Feb/2020:18:44:08 +0000] "GET /stylesheets/flatly.bootstrap.min.css HTTP/1.1" 304 -
::1 - - [02/Feb/2020:18:44:08 +0000] "GET /stylesheets/font/css/all.min.css HTTP/1.1" 304 -
::1 - - [02/Feb/2020:18:44:08 +0000] "GET /stylesheets/style.css HTTP/1.1" 304 -
::1 - - [02/Feb/2020:18:44:08 +0000] "GET /javascripts/stroll.min.js HTTP/1.1" 304 -
::1 - - [02/Feb/2020:18:44:08 +0000] "GET /javascripts/jquery.min.js HTTP/1.1" 304 -
::1 - - [02/Feb/2020:18:44:08 +0000] "GET /javascripts/bootstrap.min.js HTTP/1.1" 304 -
::1 - - [02/Feb/2020:18:44:08 +0000] "GET /javascripts/dom.js HTTP/1.1" 304 -
::1 - - [02/Feb/2020:18:44:08 +0000] "GET /images/logo/a3284904ff3ca9a0dbf313ebbe960570.jpg HTTP/1.1" 304 -
::1 - - [02/Feb/2020:18:44:08 +0000] "GET /javascripts/socket.io.js HTTP/1.1" 304 -
::1 - - [02/Feb/2020:18:44:08 +0000] "GET /javascripts/connect.js HTTP/1.1" 304 -
::1 - - [02/Feb/2020:18:44:08 +0000] "GET /javascripts/socket.io.js.map HTTP/1.1" 404 3476
::1 - - [02/Feb/2020:18:44:11 +0000] "GET /account/new HTTP/1.1" 304 -
::1 - - [02/Feb/2020:18:44:11 +0000] "GET /stylesheets/flatly.bootstrap.min.css HTTP/1.1" 304 -
::1 - - [02/Feb/2020:18:44:11 +0000] "GET /stylesheets/font/css/all.min.css HTTP/1.1" 304 -
::1 - - [02/Feb/2020:18:44:11 +0000] "GET /stylesheets/style.css HTTP/1.1" 304 -
::1 - - [02/Feb/2020:18:44:11 +0000] "GET /javascripts/stroll.min.js HTTP/1.1" 304 -
::1 - - [02/Feb/2020:18:44:11 +0000] "GET /javascripts/jquery.min.js HTTP/1.1" 304 -
::1 - - [02/Feb/2020:18:44:11 +0000] "GET /javascripts/bootstrap.min.js HTTP/1.1" 304 -
::1 - - [02/Feb/2020:18:44:11 +0000] "GET /javascripts/dom.js HTTP/1.1" 304 -
::1 - - [02/Feb/2020:18:44:11 +0000] "GET /images/logo/logo.png HTTP/1.1" 304 -
::1 - - [02/Feb/2020:18:44:11 +0000] "GET /javascripts/socket.io.js HTTP/1.1" 304 -
::1 - - [02/Feb/2020:18:44:11 +0000] "GET /javascripts/connect.js HTTP/1.1" 304 -
::1 - - [02/Feb/2020:18:44:11 +0000] "GET /javascripts/socket.io.js.map HTTP/1.1" 404 3476
::1 - - [02/Feb/2020:18:44:31 +0000] "GET / HTTP/1.1" 304 -
::1 - - [02/Feb/2020:18:44:31 +0000] "GET /stylesheets/flatly.bootstrap.min.css HTTP/1.1" 304 -
::1 - - [02/Feb/2020:18:44:31 +0000] "GET /stylesheets/font/css/all.min.css HTTP/1.1" 304 -
::1 - - [02/Feb/2020:18:44:31 +0000] "GET /stylesheets/style.css HTTP/1.1" 304 -
::1 - - [02/Feb/2020:18:44:31 +0000] "GET /javascripts/stroll.min.js HTTP/1.1" 304 -
::1 - - [02/Feb/2020:18:44:31 +0000] "GET /javascripts/jquery.min.js HTTP/1.1" 304 -
::1 - - [02/Feb/2020:18:44:31 +0000] "GET /javascripts/bootstrap.min.js HTTP/1.1" 304 -
::1 - - [02/Feb/2020:18:44:31 +0000] "GET /javascripts/dom.js HTTP/1.1" 304 -
::1 - - [02/Feb/2020:18:44:31 +0000] "GET /images/logo/a3284904ff3ca9a0dbf313ebbe960570.jpg HTTP/1.1" 304 -
::1 - - [02/Feb/2020:18:44:31 +0000] "GET /javascripts/socket.io.js HTTP/1.1" 304 -
::1 - - [02/Feb/2020:18:44:31 +0000] "GET /javascripts/connect.js HTTP/1.1" 304 -
::1 - - [02/Feb/2020:18:44:31 +0000] "GET /javascripts/socket.io.js.map HTTP/1.1" 404 3476
::1 - - [02/Feb/2020:18:44:35 +0000] "GET /account/new HTTP/1.1" 304 -
::1 - - [02/Feb/2020:18:44:35 +0000] "GET /stylesheets/flatly.bootstrap.min.css HTTP/1.1" 304 -
::1 - - [02/Feb/2020:18:44:35 +0000] "GET /stylesheets/font/css/all.min.css HTTP/1.1" 304 -
::1 - - [02/Feb/2020:18:44:35 +0000] "GET /stylesheets/style.css HTTP/1.1" 304 -
::1 - - [02/Feb/2020:18:44:35 +0000] "GET /javascripts/stroll.min.js HTTP/1.1" 304 -
::1 - - [02/Feb/2020:18:44:35 +0000] "GET /javascripts/jquery.min.js HTTP/1.1" 304 -
::1 - - [02/Feb/2020:18:44:35 +0000] "GET /javascripts/bootstrap.min.js HTTP/1.1" 304 -
::1 - - [02/Feb/2020:18:44:35 +0000] "GET /javascripts/dom.js HTTP/1.1" 304 -
::1 - - [02/Feb/2020:18:44:35 +0000] "GET /javascripts/socket.io.js HTTP/1.1" 304 -
::1 - - [02/Feb/2020:18:44:35 +0000] "GET /images/logo/logo.png HTTP/1.1" 304 -
::1 - - [02/Feb/2020:18:44:36 +0000] "GET /javascripts/connect.js HTTP/1.1" 304 -
::1 - - [02/Feb/2020:18:44:36 +0000] "GET /javascripts/socket.io.js.map HTTP/1.1" 404 3476
::1 - - [02/Feb/2020:19:53:05 +0000] "GET / HTTP/1.1" 304 -
::1 - - [02/Feb/2020:19:53:05 +0000] "GET /stylesheets/flatly.bootstrap.min.css HTTP/1.1" 304 -
::1 - - [02/Feb/2020:19:53:05 +0000] "GET /stylesheets/font/css/all.min.css HTTP/1.1" 304 -
::1 - - [02/Feb/2020:19:53:05 +0000] "GET /stylesheets/style.css HTTP/1.1" 304 -
::1 - - [02/Feb/2020:19:53:05 +0000] "GET /javascripts/stroll.min.js HTTP/1.1" 304 -
::1 - - [02/Feb/2020:19:53:05 +0000] "GET /javascripts/jquery.min.js HTTP/1.1" 304 -
::1 - - [02/Feb/2020:19:53:05 +0000] "GET /javascripts/bootstrap.min.js HTTP/1.1" 304 -
::1 - - [02/Feb/2020:19:53:05 +0000] "GET /javascripts/dom.js HTTP/1.1" 304 -
::1 - - [02/Feb/2020:19:53:05 +0000] "GET /images/logo/a3284904ff3ca9a0dbf313ebbe960570.jpg HTTP/1.1" 304 -
::1 - - [02/Feb/2020:19:53:06 +0000] "GET /javascripts/socket.io.js HTTP/1.1" 304 -
::1 - - [02/Feb/2020:19:53:06 +0000] "GET /javascripts/connect.js HTTP/1.1" 304 -
::1 - - [02/Feb/2020:19:53:06 +0000] "GET /javascripts/socket.io.js.map HTTP/1.1" 404 3476
::1 - - [02/Feb/2020:19:56:32 +0000] "GET /account/new HTTP/1.1" 200 6672
::1 - - [02/Feb/2020:19:56:32 +0000] "GET /stylesheets/flatly.bootstrap.min.css HTTP/1.1" 304 -
::1 - - [02/Feb/2020:19:56:32 +0000] "GET /stylesheets/font/css/all.min.css HTTP/1.1" 304 -
::1 - - [02/Feb/2020:19:56:32 +0000] "GET /stylesheets/style.css HTTP/1.1" 304 -
::1 - - [02/Feb/2020:19:56:32 +0000] "GET /javascripts/stroll.min.js HTTP/1.1" 304 -
::1 - - [02/Feb/2020:19:56:32 +0000] "GET /javascripts/jquery.min.js HTTP/1.1" 304 -
::1 - - [02/Feb/2020:19:56:32 +0000] "GET /javascripts/bootstrap.min.js HTTP/1.1" 304 -
::1 - - [02/Feb/2020:19:56:32 +0000] "GET /javascripts/dom.js HTTP/1.1" 304 -
::1 - - [02/Feb/2020:19:56:32 +0000] "GET /images/logo/a3284904ff3ca9a0dbf313ebbe960570.jpg HTTP/1.1" 304 -
::1 - - [02/Feb/2020:19:56:32 +0000] "GET /javascripts/socket.io.js HTTP/1.1" 304 -
::1 - - [02/Feb/2020:19:56:32 +0000] "GET /javascripts/connect.js HTTP/1.1" 304 -
::1 - - [02/Feb/2020:19:56:32 +0000] "GET /javascripts/socket.io.js.map HTTP/1.1" 404 3476
::1 - - [02/Feb/2020:20:06:34 +0000] "GET /account/new HTTP/1.1" 304 -
::1 - - [02/Feb/2020:20:06:34 +0000] "GET /stylesheets/font/css/all.min.css HTTP/1.1" 304 -
::1 - - [02/Feb/2020:20:06:34 +0000] "GET /stylesheets/style.css HTTP/1.1" 304 -
::1 - - [02/Feb/2020:20:06:34 +0000] "GET /javascripts/stroll.min.js HTTP/1.1" 304 -
::1 - - [02/Feb/2020:20:06:34 +0000] "GET /stylesheets/flatly.bootstrap.min.css HTTP/1.1" 200 127322
::1 - - [02/Feb/2020:20:06:34 +0000] "GET /javascripts/jquery.min.js HTTP/1.1" 304 -
::1 - - [02/Feb/2020:20:06:34 +0000] "GET /javascripts/bootstrap.min.js HTTP/1.1" 304 -
::1 - - [02/Feb/2020:20:06:34 +0000] "GET /javascripts/dom.js HTTP/1.1" 304 -
::1 - - [02/Feb/2020:20:06:34 +0000] "GET /images/logo/a3284904ff3ca9a0dbf313ebbe960570.jpg HTTP/1.1" 304 -
::1 - - [02/Feb/2020:20:06:34 +0000] "GET /javascripts/socket.io.js HTTP/1.1" 304 -
::1 - - [02/Feb/2020:20:06:34 +0000] "GET /javascripts/connect.js HTTP/1.1" 304 -
::1 - - [02/Feb/2020:20:06:34 +0000] "GET /javascripts/socket.io.js.map HTTP/1.1" 404 3476
::1 - - [02/Feb/2020:20:06:35 +0000] "GET /images/logo/favicon.ico HTTP/1.1" 200 1150
::1 - - [02/Feb/2020:20:08:04 +0000] "GET /account/new HTTP/1.1" 200 6664
::1 - - [02/Feb/2020:20:08:04 +0000] "GET /stylesheets/flatly.bootstrap.min.css HTTP/1.1" 304 -
::1 - - [02/Feb/2020:20:08:04 +0000] "GET /stylesheets/font/css/all.min.css HTTP/1.1" 304 -
::1 - - [02/Feb/2020:20:08:04 +0000] "GET /stylesheets/style.css HTTP/1.1" 304 -
::1 - - [02/Feb/2020:20:08:04 +0000] "GET /javascripts/stroll.min.js HTTP/1.1" 304 -
::1 - - [02/Feb/2020:20:08:04 +0000] "GET /javascripts/jquery.min.js HTTP/1.1" 304 -
::1 - - [02/Feb/2020:20:08:04 +0000] "GET /javascripts/bootstrap.min.js HTTP/1.1" 304 -
::1 - - [02/Feb/2020:20:08:04 +0000] "GET /javascripts/dom.js HTTP/1.1" 304 -
::1 - - [02/Feb/2020:20:08:04 +0000] "GET /images/logo/a3284904ff3ca9a0dbf313ebbe960570.jpg HTTP/1.1" 304 -
::1 - - [02/Feb/2020:20:08:04 +0000] "GET /javascripts/socket.io.js HTTP/1.1" 304 -
::1 - - [02/Feb/2020:20:08:04 +0000] "GET /javascripts/connect.js HTTP/1.1" 304 -
::1 - - [02/Feb/2020:20:08:04 +0000] "GET /javascripts/socket.io.js.map HTTP/1.1" 404 3476
::1 - - [02/Feb/2020:20:08:05 +0000] "GET /images/logo/favicon.ico HTTP/1.1" 200 1150
::1 - - [02/Feb/2020:20:08:36 +0000] "POST /account/new HTTP/1.1" 302 46
::1 - - [02/Feb/2020:20:08:36 +0000] "GET / HTTP/1.1" 200 8912
::1 - - [02/Feb/2020:20:08:36 +0000] "GET /stylesheets/flatly.bootstrap.min.css HTTP/1.1" 304 -
::1 - - [02/Feb/2020:20:08:36 +0000] "GET /stylesheets/moment.css HTTP/1.1" 200 1300
::1 - - [02/Feb/2020:20:08:36 +0000] "GET /stylesheets/ns-default.css HTTP/1.1" 200 1311
::1 - - [02/Feb/2020:20:08:36 +0000] "GET /animations/jquery-sakura.min.css HTTP/1.1" 200 3814
::1 - - [02/Feb/2020:20:08:36 +0000] "GET /stylesheets/font/css/all.min.css HTTP/1.1" 304 -
::1 - - [02/Feb/2020:20:08:36 +0000] "GET /stylesheets/style.css HTTP/1.1" 304 -
::1 - - [02/Feb/2020:20:08:36 +0000] "GET /stylesheets/ns-style-other.css HTTP/1.1" 200 28465
::1 - - [02/Feb/2020:20:08:36 +0000] "GET /stylesheets/progressive-image.css HTTP/1.1" 200 438
::1 - - [02/Feb/2020:20:08:36 +0000] "GET /javascripts/modernizr.custom.js HTTP/1.1" 200 8372
::1 - - [02/Feb/2020:20:08:36 +0000] "GET /javascripts/stroll.min.js HTTP/1.1" 304 -
::1 - - [02/Feb/2020:20:08:36 +0000] "GET /javascripts/progressive-image.js HTTP/1.1" 200 1333
::1 - - [02/Feb/2020:20:08:36 +0000] "GET /javascripts/jquery.min.js HTTP/1.1" 304 -
::1 - - [02/Feb/2020:20:08:36 +0000] "GET /javascripts/bootstrap.min.js HTTP/1.1" 304 -
::1 - - [02/Feb/2020:20:08:36 +0000] "GET /javascripts/dom.js HTTP/1.1" 304 -
::1 - - [02/Feb/2020:20:08:36 +0000] "GET /images/logo/logo.png HTTP/1.1" 304 -
::1 - - [02/Feb/2020:20:08:36 +0000] "GET /animations/jquery-sakura.min.js HTTP/1.1" 200 2805
::1 - - [02/Feb/2020:20:08:36 +0000] "GET /javascripts/classie.js HTTP/1.1" 200 1835
::1 - - [02/Feb/2020:20:08:36 +0000] "GET /javascripts/notificationFx.js HTTP/1.1" 200 4239
::1 - - [02/Feb/2020:20:08:36 +0000] "GET /javascripts/like.js HTTP/1.1" 200 630
::1 - - [02/Feb/2020:20:08:36 +0000] "GET /javascripts/socket.io.js HTTP/1.1" 304 -
::1 - - [02/Feb/2020:20:08:36 +0000] "GET /javascripts/comment.js HTTP/1.1" 200 906
::1 - - [02/Feb/2020:20:08:36 +0000] "GET /images/logo/logo.png?cache=0.28514434800514254 HTTP/1.1" 200 18902
::1 - - [02/Feb/2020:20:08:36 +0000] "GET /javascripts/connect.js HTTP/1.1" 304 -
::1 - - [02/Feb/2020:20:08:36 +0000] "GET /images/logo/logo.png?cache=0.7820741774073505 HTTP/1.1" 200 18902
::1 - - [02/Feb/2020:20:08:36 +0000] "GET /stylesheets/font/webfonts/fa-solid-900.woff2 HTTP/1.1" 200 79100
::1 - - [02/Feb/2020:20:08:37 +0000] "GET /api/v1/notifications HTTP/1.1" 200 3
::1 - - [02/Feb/2020:20:08:37 +0000] "GET /javascripts/socket.io.js.map HTTP/1.1" 404 3476
::1 - - [02/Feb/2020:20:08:56 +0000] "GET /chat HTTP/1.1" 200 3210
::1 - - [02/Feb/2020:20:08:56 +0000] "GET /stylesheets/flatly.bootstrap.min.css HTTP/1.1" 304 -
::1 - - [02/Feb/2020:20:08:56 +0000] "GET /stylesheets/font/css/all.min.css HTTP/1.1" 304 -
::1 - - [02/Feb/2020:20:08:56 +0000] "GET /stylesheets/style.css HTTP/1.1" 304 -
::1 - - [02/Feb/2020:20:08:56 +0000] "GET /javascripts/stroll.min.js HTTP/1.1" 304 -
::1 - - [02/Feb/2020:20:08:56 +0000] "GET /javascripts/jquery.min.js HTTP/1.1" 304 -
::1 - - [02/Feb/2020:20:08:56 +0000] "GET /javascripts/bootstrap.min.js HTTP/1.1" 304 -
::1 - - [02/Feb/2020:20:08:56 +0000] "GET /javascripts/dom.js HTTP/1.1" 304 -
::1 - - [02/Feb/2020:20:08:56 +0000] "GET /stylesheets/moment.css HTTP/1.1" 304 -
::1 - - [02/Feb/2020:20:08:56 +0000] "GET /animations/jquery-sakura.min.css HTTP/1.1" 304 -
::1 - - [02/Feb/2020:20:08:56 +0000] "GET /images/logo/logo.png HTTP/1.1" 304 -
::1 - - [02/Feb/2020:20:09:00 +0000] "GET /chat/5e372c4346f5724c6b2396d3 HTTP/1.1" 200 1867
::1 - - [02/Feb/2020:20:09:00 +0000] "GET /stylesheets/flatly.bootstrap.min.css HTTP/1.1" 304 -
::1 - - [02/Feb/2020:20:09:00 +0000] "GET /stylesheets/font/css/all.min.css HTTP/1.1" 304 -
::1 - - [02/Feb/2020:20:09:00 +0000] "GET /stylesheets/style.css HTTP/1.1" 304 -
::1 - - [02/Feb/2020:20:09:00 +0000] "GET /javascripts/jquery.min.js HTTP/1.1" 304 -
::1 - - [02/Feb/2020:20:09:00 +0000] "GET /javascripts/bootstrap.min.js HTTP/1.1" 304 -
::1 - - [02/Feb/2020:20:09:00 +0000] "GET /javascripts/dom.js HTTP/1.1" 304 -
::1 - - [02/Feb/2020:20:09:00 +0000] "GET /stylesheets/moment.css HTTP/1.1" 304 -
::1 - - [02/Feb/2020:20:09:00 +0000] "GET /images/logo/logo.png HTTP/1.1" 304 -
::1 - - [02/Feb/2020:20:09:05 +0000] "GET /javascripts/socket.io.js.map HTTP/1.1" 404 3476
::1 - - [02/Feb/2020:20:09:27 +0000] "GET /me HTTP/1.1" 200 4383
::1 - - [02/Feb/2020:20:09:27 +0000] "GET /stylesheets/flatly.bootstrap.min.css HTTP/1.1" 304 -
::1 - - [02/Feb/2020:20:09:27 +0000] "GET /stylesheets/font/css/all.min.css HTTP/1.1" 304 -
::1 - - [02/Feb/2020:20:09:27 +0000] "GET /stylesheets/style.css HTTP/1.1" 304 -
::1 - - [02/Feb/2020:20:09:27 +0000] "GET /javascripts/stroll.min.js HTTP/1.1" 304 -
::1 - - [02/Feb/2020:20:09:27 +0000] "GET /javascripts/jquery.min.js HTTP/1.1" 304 -
::1 - - [02/Feb/2020:20:09:27 +0000] "GET /javascripts/bootstrap.min.js HTTP/1.1" 304 -
::1 - - [02/Feb/2020:20:09:27 +0000] "GET /javascripts/dom.js HTTP/1.1" 304 -
::1 - - [02/Feb/2020:20:09:27 +0000] "GET /stylesheets/moment.css HTTP/1.1" 304 -
::1 - - [02/Feb/2020:20:09:27 +0000] "GET /animations/jquery-sakura.min.css HTTP/1.1" 304 -
::1 - - [02/Feb/2020:20:09:27 +0000] "GET /images/logo/logo.png HTTP/1.1" 304 -
::1 - - [02/Feb/2020:20:09:27 +0000] "GET /javascripts/follow.js HTTP/1.1" 200 344
::1 - - [02/Feb/2020:20:09:52 +0000] "GET /me/settings HTTP/1.1" 200 5308
::1 - - [02/Feb/2020:20:09:52 +0000] "GET /stylesheets/flatly.bootstrap.min.css HTTP/1.1" 304 -
::1 - - [02/Feb/2020:20:09:52 +0000] "GET /stylesheets/font/css/all.min.css HTTP/1.1" 304 -
::1 - - [02/Feb/2020:20:09:52 +0000] "GET /stylesheets/style.css HTTP/1.1" 304 -
::1 - - [02/Feb/2020:20:09:52 +0000] "GET /javascripts/stroll.min.js HTTP/1.1" 304 -
::1 - - [02/Feb/2020:20:09:52 +0000] "GET /javascripts/jquery.min.js HTTP/1.1" 304 -
::1 - - [02/Feb/2020:20:09:52 +0000] "GET /javascripts/bootstrap.min.js HTTP/1.1" 304 -
::1 - - [02/Feb/2020:20:09:52 +0000] "GET /javascripts/dom.js HTTP/1.1" 304 -
::1 - - [02/Feb/2020:20:09:52 +0000] "GET /stylesheets/moment.css HTTP/1.1" 304 -
::1 - - [02/Feb/2020:20:09:52 +0000] "GET /images/logo/logo.png HTTP/1.1" 304 -
::1 - - [02/Feb/2020:20:09:52 +0000] "GET /javascripts/follow.js HTTP/1.1" 304 -
::1 - - [02/Feb/2020:20:09:52 +0000] "GET /images/logo/logo.png?cache=0.035092767243153355 HTTP/1.1" 200 18902
::1 - - [02/Feb/2020:20:10:09 +0000] "GET /javascripts/socket.io.js.map HTTP/1.1" 404 3476
::1 - - [02/Feb/2020:20:13:37 +0000] "GET / HTTP/1.1" 200 2538
::1 - - [02/Feb/2020:20:13:37 +0000] "GET /stylesheets/flatly.bootstrap.min.css HTTP/1.1" 304 -
::1 - - [02/Feb/2020:20:13:37 +0000] "GET /stylesheets/font/css/all.min.css HTTP/1.1" 304 -
::1 - - [02/Feb/2020:20:13:37 +0000] "GET /javascripts/dom.js HTTP/1.1" 304 -
::1 - - [02/Feb/2020:20:13:37 +0000] "GET /stylesheets/style.css HTTP/1.1" 304 -
::1 - - [02/Feb/2020:20:13:37 +0000] "GET /javascripts/stroll.min.js HTTP/1.1" 304 -
::1 - - [02/Feb/2020:20:13:37 +0000] "GET /javascripts/jquery.min.js HTTP/1.1" 304 -
::1 - - [02/Feb/2020:20:13:37 +0000] "GET /javascripts/bootstrap.min.js HTTP/1.1" 304 -
::1 - - [02/Feb/2020:20:13:37 +0000] "GET /images/logo/a3284904ff3ca9a0dbf313ebbe960570.jpg HTTP/1.1" 304 -
::1 - - [02/Feb/2020:20:13:37 +0000] "GET /javascripts/socket.io.js HTTP/1.1" 304 -
::1 - - [02/Feb/2020:20:13:37 +0000] "GET /javascripts/connect.js HTTP/1.1" 304 -
::1 - - [02/Feb/2020:20:13:37 +0000] "GET /javascripts/socket.io.js.map HTTP/1.1" 404 3476
::1 - - [02/Feb/2020:20:13:38 +0000] "GET /images/logo/favicon.ico HTTP/1.1" 200 1150
::1 - - [02/Feb/2020:20:13:49 +0000] "POST /account/getin HTTP/1.1" 302 46
::1 - - [02/Feb/2020:20:13:49 +0000] "GET / HTTP/1.1" 200 8909
::1 - - [02/Feb/2020:20:13:49 +0000] "GET /stylesheets/flatly.bootstrap.min.css HTTP/1.1" 304 -
::1 - - [02/Feb/2020:20:13:49 +0000] "GET /stylesheets/font/css/all.min.css HTTP/1.1" 304 -
::1 - - [02/Feb/2020:20:13:49 +0000] "GET /stylesheets/style.css HTTP/1.1" 304 -
::1 - - [02/Feb/2020:20:13:49 +0000] "GET /javascripts/stroll.min.js HTTP/1.1" 304 -
::1 - - [02/Feb/2020:20:13:49 +0000] "GET /javascripts/jquery.min.js HTTP/1.1" 304 -
::1 - - [02/Feb/2020:20:13:49 +0000] "GET /javascripts/bootstrap.min.js HTTP/1.1" 304 -
::1 - - [02/Feb/2020:20:13:49 +0000] "GET /stylesheets/moment.css HTTP/1.1" 304 -
::1 - - [02/Feb/2020:20:13:49 +0000] "GET /animations/jquery-sakura.min.css HTTP/1.1" 304 -
::1 - - [02/Feb/2020:20:13:49 +0000] "GET /stylesheets/ns-default.css HTTP/1.1" 304 -
::1 - - [02/Feb/2020:20:13:49 +0000] "GET /stylesheets/ns-style-other.css HTTP/1.1" 304 -
::1 - - [02/Feb/2020:20:13:49 +0000] "GET /stylesheets/progressive-image.css HTTP/1.1" 304 -
::1 - - [02/Feb/2020:20:13:49 +0000] "GET /javascripts/dom.js HTTP/1.1" 304 -
::1 - - [02/Feb/2020:20:13:49 +0000] "GET /javascripts/modernizr.custom.js HTTP/1.1" 304 -
::1 - - [02/Feb/2020:20:13:49 +0000] "GET /javascripts/progressive-image.js HTTP/1.1" 304 -
::1 - - [02/Feb/2020:20:13:49 +0000] "GET /images/logo/logo.png HTTP/1.1" 304 -
::1 - - [02/Feb/2020:20:13:49 +0000] "GET /animations/jquery-sakura.min.js HTTP/1.1" 304 -
::1 - - [02/Feb/2020:20:13:49 +0000] "GET /javascripts/classie.js HTTP/1.1" 304 -
::1 - - [02/Feb/2020:20:13:49 +0000] "GET /javascripts/notificationFx.js HTTP/1.1" 304 -
::1 - - [02/Feb/2020:20:13:49 +0000] "GET /javascripts/like.js HTTP/1.1" 304 -
::1 - - [02/Feb/2020:20:13:49 +0000] "GET /javascripts/comment.js HTTP/1.1" 304 -
::1 - - [02/Feb/2020:20:13:49 +0000] "GET /javascripts/socket.io.js HTTP/1.1" 304 -
::1 - - [02/Feb/2020:20:13:49 +0000] "GET /javascripts/connect.js HTTP/1.1" 304 -
::1 - - [02/Feb/2020:20:13:49 +0000] "GET /images/logo/logo.png?cache=0.2496962732697885 HTTP/1.1" 200 18902
::1 - - [02/Feb/2020:20:13:49 +0000] "GET /images/logo/logo.png?cache=0.24552838101226548 HTTP/1.1" 200 18902
::1 - - [02/Feb/2020:20:13:49 +0000] "GET /stylesheets/font/webfonts/fa-solid-900.woff2 HTTP/1.1" 304 -
::1 - - [02/Feb/2020:20:13:49 +0000] "GET /api/v1/notifications HTTP/1.1" 304 -
::1 - - [02/Feb/2020:20:13:49 +0000] "GET /javascripts/socket.io.js.map HTTP/1.1" 404 3476
::1 - - [02/Feb/2020:20:13:53 +0000] "GET / HTTP/1.1" 200 8912
::1 - - [02/Feb/2020:20:13:53 +0000] "GET /stylesheets/flatly.bootstrap.min.css HTTP/1.1" 304 -
::1 - - [02/Feb/2020:20:13:53 +0000] "GET /stylesheets/font/css/all.min.css HTTP/1.1" 304 -
::1 - - [02/Feb/2020:20:13:53 +0000] "GET /stylesheets/style.css HTTP/1.1" 304 -
::1 - - [02/Feb/2020:20:13:53 +0000] "GET /javascripts/stroll.min.js HTTP/1.1" 304 -
::1 - - [02/Feb/2020:20:13:53 +0000] "GET /javascripts/jquery.min.js HTTP/1.1" 304 -
::1 - - [02/Feb/2020:20:13:53 +0000] "GET /javascripts/bootstrap.min.js HTTP/1.1" 304 -
::1 - - [02/Feb/2020:20:13:53 +0000] "GET /stylesheets/moment.css HTTP/1.1" 304 -
::1 - - [02/Feb/2020:20:13:53 +0000] "GET /animations/jquery-sakura.min.css HTTP/1.1" 304 -
::1 - - [02/Feb/2020:20:13:53 +0000] "GET /stylesheets/ns-default.css HTTP/1.1" 304 -
::1 - - [02/Feb/2020:20:13:53 +0000] "GET /stylesheets/ns-style-other.css HTTP/1.1" 304 -
::1 - - [02/Feb/2020:20:13:53 +0000] "GET /stylesheets/progressive-image.css HTTP/1.1" 304 -
::1 - - [02/Feb/2020:20:13:53 +0000] "GET /javascripts/dom.js HTTP/1.1" 304 -
::1 - - [02/Feb/2020:20:13:53 +0000] "GET /javascripts/modernizr.custom.js HTTP/1.1" 304 -
::1 - - [02/Feb/2020:20:13:53 +0000] "GET /javascripts/progressive-image.js HTTP/1.1" 304 -
::1 - - [02/Feb/2020:20:13:53 +0000] "GET /images/logo/logo.png HTTP/1.1" 304 -
::1 - - [02/Feb/2020:20:13:53 +0000] "GET /animations/jquery-sakura.min.js HTTP/1.1" 304 -
::1 - - [02/Feb/2020:20:13:53 +0000] "GET /javascripts/classie.js HTTP/1.1" 304 -
::1 - - [02/Feb/2020:20:13:53 +0000] "GET /javascripts/notificationFx.js HTTP/1.1" 304 -
::1 - - [02/Feb/2020:20:13:53 +0000] "GET /javascripts/like.js HTTP/1.1" 304 -
::1 - - [02/Feb/2020:20:13:53 +0000] "GET /javascripts/comment.js HTTP/1.1" 304 -
::1 - - [02/Feb/2020:20:13:53 +0000] "GET /javascripts/socket.io.js HTTP/1.1" 304 -
::1 - - [02/Feb/2020:20:13:53 +0000] "GET /javascripts/connect.js HTTP/1.1" 304 -
::1 - - [02/Feb/2020:20:13:53 +0000] "GET /images/logo/logo.png?cache=0.5050287719173994 HTTP/1.1" 200 18902
::1 - - [02/Feb/2020:20:13:53 +0000] "GET /images/logo/logo.png?cache=0.34613038774290383 HTTP/1.1" 200 18902
::1 - - [02/Feb/2020:20:13:53 +0000] "GET /api/v1/notifications HTTP/1.1" 304 -
::1 - - [02/Feb/2020:20:13:53 +0000] "GET /javascripts/socket.io.js.map HTTP/1.1" 404 3476
::1 - - [02/Feb/2020:20:13:54 +0000] "GET /images/logo/favicon.ico HTTP/1.1" 200 1150
::1 - - [02/Feb/2020:20:15:36 +0000] "GET / HTTP/1.1" 200 2538
::1 - - [02/Feb/2020:20:15:36 +0000] "GET /stylesheets/flatly.bootstrap.min.css HTTP/1.1" 304 -
::1 - - [02/Feb/2020:20:15:36 +0000] "GET /stylesheets/font/css/all.min.css HTTP/1.1" 304 -
::1 - - [02/Feb/2020:20:15:36 +0000] "GET /stylesheets/style.css HTTP/1.1" 304 -
::1 - - [02/Feb/2020:20:15:36 +0000] "GET /javascripts/stroll.min.js HTTP/1.1" 304 -
::1 - - [02/Feb/2020:20:15:36 +0000] "GET /javascripts/jquery.min.js HTTP/1.1" 304 -
::1 - - [02/Feb/2020:20:15:36 +0000] "GET /javascripts/bootstrap.min.js HTTP/1.1" 304 -
::1 - - [02/Feb/2020:20:15:36 +0000] "GET /javascripts/dom.js HTTP/1.1" 304 -
::1 - - [02/Feb/2020:20:15:36 +0000] "GET /images/logo/a3284904ff3ca9a0dbf313ebbe960570.jpg HTTP/1.1" 304 -
::1 - - [02/Feb/2020:20:15:36 +0000] "GET /javascripts/socket.io.js HTTP/1.1" 304 -
::1 - - [02/Feb/2020:20:15:36 +0000] "GET /javascripts/connect.js HTTP/1.1" 304 -
::1 - - [02/Feb/2020:20:15:36 +0000] "GET /javascripts/socket.io.js.map HTTP/1.1" 404 3476
::1 - - [02/Feb/2020:20:15:37 +0000] "GET /images/logo/favicon.ico HTTP/1.1" 200 1150
::1 - - [02/Feb/2020:20:15:46 +0000] "POST /account/getin HTTP/1.1" 302 46
::1 - - [02/Feb/2020:20:15:46 +0000] "GET / HTTP/1.1" 200 8908
::1 - - [02/Feb/2020:20:15:46 +0000] "GET /stylesheets/flatly.bootstrap.min.css HTTP/1.1" 304 -
::1 - - [02/Feb/2020:20:15:46 +0000] "GET /stylesheets/font/css/all.min.css HTTP/1.1" 304 -
::1 - - [02/Feb/2020:20:15:46 +0000] "GET /stylesheets/style.css HTTP/1.1" 304 -
::1 - - [02/Feb/2020:20:15:46 +0000] "GET /javascripts/jquery.min.js HTTP/1.1" 304 -
::1 - - [02/Feb/2020:20:15:46 +0000] "GET /javascripts/stroll.min.js HTTP/1.1" 304 -
::1 - - [02/Feb/2020:20:15:46 +0000] "GET /javascripts/bootstrap.min.js HTTP/1.1" 304 -
::1 - - [02/Feb/2020:20:15:46 +0000] "GET /stylesheets/moment.css HTTP/1.1" 304 -
::1 - - [02/Feb/2020:20:15:46 +0000] "GET /javascripts/dom.js HTTP/1.1" 304 -
::1 - - [02/Feb/2020:20:15:46 +0000] "GET /animations/jquery-sakura.min.css HTTP/1.1" 304 -
::1 - - [02/Feb/2020:20:15:46 +0000] "GET /stylesheets/ns-default.css HTTP/1.1" 304 -
::1 - - [02/Feb/2020:20:15:46 +0000] "GET /stylesheets/ns-style-other.css HTTP/1.1" 304 -
::1 - - [02/Feb/2020:20:15:46 +0000] "GET /stylesheets/progressive-image.css HTTP/1.1" 304 -
::1 - - [02/Feb/2020:20:15:46 +0000] "GET /javascripts/modernizr.custom.js HTTP/1.1" 304 -
::1 - - [02/Feb/2020:20:15:46 +0000] "GET /javascripts/progressive-image.js HTTP/1.1" 304 -
::1 - - [02/Feb/2020:20:15:46 +0000] "GET /images/logo/logo.png HTTP/1.1" 304 -
::1 - - [02/Feb/2020:20:15:46 +0000] "GET /animations/jquery-sakura.min.js HTTP/1.1" 304 -
::1 - - [02/Feb/2020:20:15:46 +0000] "GET /javascripts/classie.js HTTP/1.1" 304 -
::1 - - [02/Feb/2020:20:15:46 +0000] "GET /javascripts/notificationFx.js HTTP/1.1" 304 -
::1 - - [02/Feb/2020:20:15:46 +0000] "GET /javascripts/like.js HTTP/1.1" 304 -
::1 - - [02/Feb/2020:20:15:46 +0000] "GET /javascripts/comment.js HTTP/1.1" 304 -
::1 - - [02/Feb/2020:20:15:46 +0000] "GET /javascripts/socket.io.js HTTP/1.1" 304 -
::1 - - [02/Feb/2020:20:15:46 +0000] "GET /javascripts/connect.js HTTP/1.1" 304 -
::1 - - [02/Feb/2020:20:15:46 +0000] "GET /images/logo/logo.png?cache=0.15270411478816337 HTTP/1.1" 200 18902
::1 - - [02/Feb/2020:20:15:46 +0000] "GET /images/logo/logo.png?cache=0.561096046361786 HTTP/1.1" 200 18902
::1 - - [02/Feb/2020:20:15:46 +0000] "GET /stylesheets/font/webfonts/fa-solid-900.woff2 HTTP/1.1" 304 -
::1 - - [02/Feb/2020:20:15:46 +0000] "GET /api/v1/notifications HTTP/1.1" 304 -
::1 - - [02/Feb/2020:20:15:46 +0000] "GET /javascripts/socket.io.js.map HTTP/1.1" 404 3476
::1 - - [02/Feb/2020:20:16:01 +0000] "GET / HTTP/1.1" 200 8912
::1 - - [02/Feb/2020:20:16:01 +0000] "GET /stylesheets/flatly.bootstrap.min.css HTTP/1.1" 304 -
::1 - - [02/Feb/2020:20:16:01 +0000] "GET /stylesheets/font/css/all.min.css HTTP/1.1" 304 -
::1 - - [02/Feb/2020:20:16:01 +0000] "GET /stylesheets/style.css HTTP/1.1" 304 -
::1 - - [02/Feb/2020:20:16:01 +0000] "GET /javascripts/stroll.min.js HTTP/1.1" 304 -
::1 - - [02/Feb/2020:20:16:01 +0000] "GET /javascripts/jquery.min.js HTTP/1.1" 304 -
::1 - - [02/Feb/2020:20:16:01 +0000] "GET /javascripts/bootstrap.min.js HTTP/1.1" 304 -
::1 - - [02/Feb/2020:20:16:01 +0000] "GET /javascripts/dom.js HTTP/1.1" 304 -
::1 - - [02/Feb/2020:20:16:01 +0000] "GET /stylesheets/moment.css HTTP/1.1" 304 -
::1 - - [02/Feb/2020:20:16:01 +0000] "GET /animations/jquery-sakura.min.css HTTP/1.1" 304 -
::1 - - [02/Feb/2020:20:16:01 +0000] "GET /stylesheets/ns-default.css HTTP/1.1" 304 -
::1 - - [02/Feb/2020:20:16:01 +0000] "GET /stylesheets/ns-style-other.css HTTP/1.1" 304 -
::1 - - [02/Feb/2020:20:16:01 +0000] "GET /stylesheets/progressive-image.css HTTP/1.1" 304 -
::1 - - [02/Feb/2020:20:16:01 +0000] "GET /javascripts/modernizr.custom.js HTTP/1.1" 304 -
::1 - - [02/Feb/2020:20:16:01 +0000] "GET /javascripts/progressive-image.js HTTP/1.1" 304 -
::1 - - [02/Feb/2020:20:16:01 +0000] "GET /images/logo/logo.png HTTP/1.1" 304 -
::1 - - [02/Feb/2020:20:16:02 +0000] "GET /animations/jquery-sakura.min.js HTTP/1.1" 304 -
::1 - - [02/Feb/2020:20:16:02 +0000] "GET /javascripts/classie.js HTTP/1.1" 304 -
::1 - - [02/Feb/2020:20:16:02 +0000] "GET /javascripts/notificationFx.js HTTP/1.1" 304 -
::1 - - [02/Feb/2020:20:16:02 +0000] "GET /javascripts/like.js HTTP/1.1" 304 -
::1 - - [02/Feb/2020:20:16:02 +0000] "GET /javascripts/comment.js HTTP/1.1" 304 -
::1 - - [02/Feb/2020:20:16:02 +0000] "GET /javascripts/socket.io.js HTTP/1.1" 304 -
::1 - - [02/Feb/2020:20:16:02 +0000] "GET /javascripts/connect.js HTTP/1.1" 304 -
::1 - - [02/Feb/2020:20:16:02 +0000] "GET /images/logo/logo.png?cache=0.4347020902453187 HTTP/1.1" 200 18902
::1 - - [02/Feb/2020:20:16:02 +0000] "GET /images/logo/logo.png?cache=0.7866935365891397 HTTP/1.1" 200 18902
::1 - - [02/Feb/2020:20:16:02 +0000] "GET /api/v1/notifications HTTP/1.1" 304 -
::1 - - [02/Feb/2020:20:16:02 +0000] "GET /javascripts/socket.io.js.map HTTP/1.1" 404 3476
::1 - - [02/Feb/2020:20:16:16 +0000] "GET / HTTP/1.1" 200 8913
::1 - - [02/Feb/2020:20:16:16 +0000] "GET /stylesheets/flatly.bootstrap.min.css HTTP/1.1" 304 -
::1 - - [02/Feb/2020:20:16:16 +0000] "GET /stylesheets/font/css/all.min.css HTTP/1.1" 304 -
::1 - - [02/Feb/2020:20:16:16 +0000] "GET /stylesheets/style.css HTTP/1.1" 304 -
::1 - - [02/Feb/2020:20:16:16 +0000] "GET /javascripts/stroll.min.js HTTP/1.1" 304 -
::1 - - [02/Feb/2020:20:16:16 +0000] "GET /javascripts/jquery.min.js HTTP/1.1" 304 -
::1 - - [02/Feb/2020:20:16:16 +0000] "GET /javascripts/bootstrap.min.js HTTP/1.1" 304 -
::1 - - [02/Feb/2020:20:16:16 +0000] "GET /stylesheets/moment.css HTTP/1.1" 304 -
::1 - - [02/Feb/2020:20:16:16 +0000] "GET /animations/jquery-sakura.min.css HTTP/1.1" 304 -
::1 - - [02/Feb/2020:20:16:16 +0000] "GET /stylesheets/ns-default.css HTTP/1.1" 304 -
::1 - - [02/Feb/2020:20:16:16 +0000] "GET /stylesheets/ns-style-other.css HTTP/1.1" 304 -
::1 - - [02/Feb/2020:20:16:16 +0000] "GET /stylesheets/progressive-image.css HTTP/1.1" 304 -
::1 - - [02/Feb/2020:20:16:16 +0000] "GET /javascripts/dom.js HTTP/1.1" 304 -
::1 - - [02/Feb/2020:20:16:16 +0000] "GET /javascripts/modernizr.custom.js HTTP/1.1" 304 -
::1 - - [02/Feb/2020:20:16:16 +0000] "GET /javascripts/progressive-image.js HTTP/1.1" 304 -
::1 - - [02/Feb/2020:20:16:16 +0000] "GET /images/logo/logo.png HTTP/1.1" 304 -
::1 - - [02/Feb/2020:20:16:17 +0000] "GET /animations/jquery-sakura.min.js HTTP/1.1" 304 -
::1 - - [02/Feb/2020:20:16:17 +0000] "GET /javascripts/classie.js HTTP/1.1" 304 -
::1 - - [02/Feb/2020:20:16:17 +0000] "GET /javascripts/notificationFx.js HTTP/1.1" 304 -
::1 - - [02/Feb/2020:20:16:17 +0000] "GET /javascripts/like.js HTTP/1.1" 304 -
::1 - - [02/Feb/2020:20:16:17 +0000] "GET /javascripts/comment.js HTTP/1.1" 304 -
::1 - - [02/Feb/2020:20:16:17 +0000] "GET /javascripts/socket.io.js HTTP/1.1" 304 -
::1 - - [02/Feb/2020:20:16:17 +0000] "GET /javascripts/connect.js HTTP/1.1" 304 -
::1 - - [02/Feb/2020:20:16:17 +0000] "GET /images/logo/logo.png?cache=0.5915260727585168 HTTP/1.1" 200 18902
::1 - - [02/Feb/2020:20:16:17 +0000] "GET /images/logo/logo.png?cache=0.19109620882628953 HTTP/1.1" 200 18902
::1 - - [02/Feb/2020:20:16:17 +0000] "GET /api/v1/notifications HTTP/1.1" 304 -
::1 - - [02/Feb/2020:20:16:17 +0000] "GET /javascripts/socket.io.js.map HTTP/1.1" 404 3476
::1 - - [02/Feb/2020:20:25:26 +0000] "GET / HTTP/1.1" 200 2538
::1 - - [02/Feb/2020:20:25:26 +0000] "GET /stylesheets/flatly.bootstrap.min.css HTTP/1.1" 304 -
::1 - - [02/Feb/2020:20:25:26 +0000] "GET /stylesheets/font/css/all.min.css HTTP/1.1" 304 -
::1 - - [02/Feb/2020:20:25:26 +0000] "GET /stylesheets/style.css HTTP/1.1" 304 -
::1 - - [02/Feb/2020:20:25:26 +0000] "GET /javascripts/stroll.min.js HTTP/1.1" 304 -
::1 - - [02/Feb/2020:20:25:26 +0000] "GET /javascripts/jquery.min.js HTTP/1.1" 304 -
::1 - - [02/Feb/2020:20:25:26 +0000] "GET /javascripts/bootstrap.min.js HTTP/1.1" 304 -
::1 - - [02/Feb/2020:20:25:26 +0000] "GET /javascripts/dom.js HTTP/1.1" 304 -
::1 - - [02/Feb/2020:20:25:26 +0000] "GET /images/logo/a3284904ff3ca9a0dbf313ebbe960570.jpg HTTP/1.1" 304 -
::1 - - [02/Feb/2020:20:25:26 +0000] "GET /javascripts/socket.io.js HTTP/1.1" 304 -
::1 - - [02/Feb/2020:20:25:26 +0000] "GET /javascripts/connect.js HTTP/1.1" 304 -
::1 - - [02/Feb/2020:20:25:26 +0000] "GET /javascripts/socket.io.js.map HTTP/1.1" 404 3476
::1 - - [02/Feb/2020:20:25:27 +0000] "GET /images/logo/favicon.ico HTTP/1.1" 200 1150
::1 - - [02/Feb/2020:20:25:35 +0000] "POST /account/getin HTTP/1.1" 302 46
::1 - - [02/Feb/2020:20:25:35 +0000] "GET / HTTP/1.1" 200 8909
::1 - - [02/Feb/2020:20:25:35 +0000] "GET /stylesheets/flatly.bootstrap.min.css HTTP/1.1" 304 -
::1 - - [02/Feb/2020:20:25:35 +0000] "GET /stylesheets/font/css/all.min.css HTTP/1.1" 304 -
::1 - - [02/Feb/2020:20:25:35 +0000] "GET /stylesheets/style.css HTTP/1.1" 304 -
::1 - - [02/Feb/2020:20:25:35 +0000] "GET /javascripts/stroll.min.js HTTP/1.1" 304 -
::1 - - [02/Feb/2020:20:25:35 +0000] "GET /javascripts/jquery.min.js HTTP/1.1" 304 -
::1 - - [02/Feb/2020:20:25:35 +0000] "GET /javascripts/bootstrap.min.js HTTP/1.1" 304 -
::1 - - [02/Feb/2020:20:25:35 +0000] "GET /javascripts/dom.js HTTP/1.1" 304 -
::1 - - [02/Feb/2020:20:25:35 +0000] "GET /stylesheets/moment.css HTTP/1.1" 304 -
::1 - - [02/Feb/2020:20:25:35 +0000] "GET /animations/jquery-sakura.min.css HTTP/1.1" 304 -
::1 - - [02/Feb/2020:20:25:35 +0000] "GET /stylesheets/ns-default.css HTTP/1.1" 304 -
::1 - - [02/Feb/2020:20:25:35 +0000] "GET /stylesheets/ns-style-other.css HTTP/1.1" 304 -
::1 - - [02/Feb/2020:20:25:35 +0000] "GET /stylesheets/progressive-image.css HTTP/1.1" 304 -
::1 - - [02/Feb/2020:20:25:35 +0000] "GET /javascripts/modernizr.custom.js HTTP/1.1" 304 -
::1 - - [02/Feb/2020:20:25:35 +0000] "GET /javascripts/progressive-image.js HTTP/1.1" 304 -
::1 - - [02/Feb/2020:20:25:35 +0000] "GET /images/logo/logo.png HTTP/1.1" 304 -
::1 - - [02/Feb/2020:20:25:36 +0000] "GET /animations/jquery-sakura.min.js HTTP/1.1" 304 -
::1 - - [02/Feb/2020:20:25:36 +0000] "GET /javascripts/classie.js HTTP/1.1" 304 -
::1 - - [02/Feb/2020:20:25:36 +0000] "GET /javascripts/notificationFx.js HTTP/1.1" 304 -
::1 - - [02/Feb/2020:20:25:36 +0000] "GET /javascripts/like.js HTTP/1.1" 304 -
::1 - - [02/Feb/2020:20:25:36 +0000] "GET /javascripts/comment.js HTTP/1.1" 304 -
::1 - - [02/Feb/2020:20:25:36 +0000] "GET /javascripts/socket.io.js HTTP/1.1" 304 -
::1 - - [02/Feb/2020:20:25:36 +0000] "GET /javascripts/connect.js HTTP/1.1" 304 -
::1 - - [02/Feb/2020:20:25:36 +0000] "GET /stylesheets/font/webfonts/fa-solid-900.woff2 HTTP/1.1" 304 -
::1 - - [02/Feb/2020:20:25:36 +0000] "GET /images/logo/logo.png?cache=0.7398234876194472 HTTP/1.1" 200 18902
::1 - - [02/Feb/2020:20:25:36 +0000] "GET /images/logo/logo.png?cache=0.48614224845151677 HTTP/1.1" 200 18902
::1 - - [02/Feb/2020:20:25:36 +0000] "GET /api/v1/notifications HTTP/1.1" 304 -
::1 - - [02/Feb/2020:20:25:36 +0000] "GET /javascripts/socket.io.js.map HTTP/1.1" 404 3476
::1 - - [02/Feb/2020:20:25:38 +0000] "GET / HTTP/1.1" 200 8912
::1 - - [02/Feb/2020:20:25:38 +0000] "GET /stylesheets/flatly.bootstrap.min.css HTTP/1.1" 304 -
::1 - - [02/Feb/2020:20:25:38 +0000] "GET /stylesheets/font/css/all.min.css HTTP/1.1" 304 -
::1 - - [02/Feb/2020:20:25:38 +0000] "GET /stylesheets/style.css HTTP/1.1" 304 -
::1 - - [02/Feb/2020:20:25:38 +0000] "GET /javascripts/stroll.min.js HTTP/1.1" 304 -
::1 - - [02/Feb/2020:20:25:38 +0000] "GET /javascripts/jquery.min.js HTTP/1.1" 304 -
::1 - - [02/Feb/2020:20:25:38 +0000] "GET /javascripts/bootstrap.min.js HTTP/1.1" 304 -
::1 - - [02/Feb/2020:20:25:38 +0000] "GET /javascripts/dom.js HTTP/1.1" 304 -
::1 - - [02/Feb/2020:20:25:38 +0000] "GET /stylesheets/moment.css HTTP/1.1" 304 -
::1 - - [02/Feb/2020:20:25:38 +0000] "GET /animations/jquery-sakura.min.css HTTP/1.1" 304 -
::1 - - [02/Feb/2020:20:25:38 +0000] "GET /stylesheets/ns-default.css HTTP/1.1" 304 -
::1 - - [02/Feb/2020:20:25:38 +0000] "GET /stylesheets/ns-style-other.css HTTP/1.1" 304 -
::1 - - [02/Feb/2020:20:25:38 +0000] "GET /stylesheets/progressive-image.css HTTP/1.1" 304 -
::1 - - [02/Feb/2020:20:25:38 +0000] "GET /javascripts/modernizr.custom.js HTTP/1.1" 304 -
::1 - - [02/Feb/2020:20:25:38 +0000] "GET /javascripts/progressive-image.js HTTP/1.1" 304 -
::1 - - [02/Feb/2020:20:25:38 +0000] "GET /images/logo/logo.png HTTP/1.1" 304 -
::1 - - [02/Feb/2020:20:25:38 +0000] "GET /animations/jquery-sakura.min.js HTTP/1.1" 304 -
::1 - - [02/Feb/2020:20:25:38 +0000] "GET /javascripts/classie.js HTTP/1.1" 304 -
::1 - - [02/Feb/2020:20:25:38 +0000] "GET /javascripts/notificationFx.js HTTP/1.1" 304 -
::1 - - [02/Feb/2020:20:25:38 +0000] "GET /javascripts/like.js HTTP/1.1" 304 -
::1 - - [02/Feb/2020:20:25:38 +0000] "GET /javascripts/comment.js HTTP/1.1" 304 -
::1 - - [02/Feb/2020:20:25:38 +0000] "GET /javascripts/socket.io.js HTTP/1.1" 304 -
::1 - - [02/Feb/2020:20:25:38 +0000] "GET /images/logo/logo.png?cache=0.4267912424651352 HTTP/1.1" 200 18902
::1 - - [02/Feb/2020:20:25:38 +0000] "GET /javascripts/connect.js HTTP/1.1" 304 -
::1 - - [02/Feb/2020:20:25:38 +0000] "GET /images/logo/logo.png?cache=0.24696199070683122 HTTP/1.1" 200 18902
::1 - - [02/Feb/2020:20:25:38 +0000] "GET /api/v1/notifications HTTP/1.1" 304 -
::1 - - [02/Feb/2020:20:25:38 +0000] "GET /javascripts/socket.io.js.map HTTP/1.1" 404 3476
::1 - - [02/Feb/2020:20:25:39 +0000] "GET /images/logo/favicon.ico HTTP/1.1" 200 1150
::1 - - [02/Feb/2020:20:28:27 +0000] "GET / HTTP/1.1" 200 8912
::1 - - [02/Feb/2020:20:28:27 +0000] "GET /stylesheets/flatly.bootstrap.min.css HTTP/1.1" 304 -
::1 - - [02/Feb/2020:20:28:27 +0000] "GET /stylesheets/font/css/all.min.css HTTP/1.1" 304 -
::1 - - [02/Feb/2020:20:28:27 +0000] "GET /stylesheets/style.css HTTP/1.1" 304 -
::1 - - [02/Feb/2020:20:28:27 +0000] "GET /javascripts/stroll.min.js HTTP/1.1" 304 -
::1 - - [02/Feb/2020:20:28:27 +0000] "GET /javascripts/jquery.min.js HTTP/1.1" 304 -
::1 - - [02/Feb/2020:20:28:27 +0000] "GET /javascripts/bootstrap.min.js HTTP/1.1" 304 -
::1 - - [02/Feb/2020:20:28:27 +0000] "GET /javascripts/dom.js HTTP/1.1" 304 -
::1 - - [02/Feb/2020:20:28:27 +0000] "GET /stylesheets/moment.css HTTP/1.1" 304 -
::1 - - [02/Feb/2020:20:28:27 +0000] "GET /animations/jquery-sakura.min.css HTTP/1.1" 304 -
::1 - - [02/Feb/2020:20:28:27 +0000] "GET /stylesheets/ns-default.css HTTP/1.1" 304 -
::1 - - [02/Feb/2020:20:28:27 +0000] "GET /stylesheets/ns-style-other.css HTTP/1.1" 304 -
::1 - - [02/Feb/2020:20:28:27 +0000] "GET /stylesheets/progressive-image.css HTTP/1.1" 304 -
::1 - - [02/Feb/2020:20:28:27 +0000] "GET /javascripts/modernizr.custom.js HTTP/1.1" 304 -
::1 - - [02/Feb/2020:20:28:27 +0000] "GET /javascripts/progressive-image.js HTTP/1.1" 304 -
::1 - - [02/Feb/2020:20:28:27 +0000] "GET /images/logo/logo.png HTTP/1.1" 304 -
::1 - - [02/Feb/2020:20:28:27 +0000] "GET /animations/jquery-sakura.min.js HTTP/1.1" 304 -
::1 - - [02/Feb/2020:20:28:27 +0000] "GET /javascripts/classie.js HTTP/1.1" 304 -
::1 - - [02/Feb/2020:20:28:27 +0000] "GET /javascripts/notificationFx.js HTTP/1.1" 304 -
::1 - - [02/Feb/2020:20:28:27 +0000] "GET /javascripts/like.js HTTP/1.1" 304 -
::1 - - [02/Feb/2020:20:28:27 +0000] "GET /javascripts/comment.js HTTP/1.1" 304 -
::1 - - [02/Feb/2020:20:28:27 +0000] "GET /javascripts/socket.io.js HTTP/1.1" 304 -
::1 - - [02/Feb/2020:20:28:27 +0000] "GET /javascripts/connect.js HTTP/1.1" 304 -
::1 - - [02/Feb/2020:20:28:27 +0000] "GET /images/logo/logo.png?cache=0.4704178722534118 HTTP/1.1" 200 18902
::1 - - [02/Feb/2020:20:28:27 +0000] "GET /images/logo/logo.png?cache=0.03926851948291654 HTTP/1.1" 200 18902
::1 - - [02/Feb/2020:20:28:27 +0000] "GET /stylesheets/font/webfonts/fa-solid-900.woff2 HTTP/1.1" 304 -
::1 - - [02/Feb/2020:20:28:27 +0000] "GET /api/v1/notifications HTTP/1.1" 304 -
::1 - - [02/Feb/2020:20:28:27 +0000] "GET /javascripts/socket.io.js.map HTTP/1.1" 404 3476
::1 - - [02/Feb/2020:20:28:28 +0000] "GET /images/logo/favicon.ico HTTP/1.1" 200 1150
::1 - - [02/Feb/2020:20:28:30 +0000] "GET / HTTP/1.1" 200 8911
::1 - - [02/Feb/2020:20:28:30 +0000] "GET /stylesheets/flatly.bootstrap.min.css HTTP/1.1" 304 -
::1 - - [02/Feb/2020:20:28:30 +0000] "GET /stylesheets/font/css/all.min.css HTTP/1.1" 304 -
::1 - - [02/Feb/2020:20:28:30 +0000] "GET /stylesheets/style.css HTTP/1.1" 304 -
::1 - - [02/Feb/2020:20:28:30 +0000] "GET /javascripts/stroll.min.js HTTP/1.1" 304 -
::1 - - [02/Feb/2020:20:28:30 +0000] "GET /javascripts/jquery.min.js HTTP/1.1" 304 -
::1 - - [02/Feb/2020:20:28:30 +0000] "GET /javascripts/bootstrap.min.js HTTP/1.1" 304 -
::1 - - [02/Feb/2020:20:28:30 +0000] "GET /javascripts/dom.js HTTP/1.1" 304 -
::1 - - [02/Feb/2020:20:28:30 +0000] "GET /stylesheets/moment.css HTTP/1.1" 304 -
::1 - - [02/Feb/2020:20:28:30 +0000] "GET /animations/jquery-sakura.min.css HTTP/1.1" 304 -
::1 - - [02/Feb/2020:20:28:30 +0000] "GET /stylesheets/ns-default.css HTTP/1.1" 304 -
::1 - - [02/Feb/2020:20:28:30 +0000] "GET /stylesheets/ns-style-other.css HTTP/1.1" 304 -
::1 - - [02/Feb/2020:20:28:30 +0000] "GET /stylesheets/progressive-image.css HTTP/1.1" 304 -
::1 - - [02/Feb/2020:20:28:30 +0000] "GET /javascripts/modernizr.custom.js HTTP/1.1" 304 -
::1 - - [02/Feb/2020:20:28:30 +0000] "GET /javascripts/progressive-image.js HTTP/1.1" 304 -
::1 - - [02/Feb/2020:20:28:30 +0000] "GET /images/logo/logo.png HTTP/1.1" 304 -
::1 - - [02/Feb/2020:20:28:30 +0000] "GET /animations/jquery-sakura.min.js HTTP/1.1" 304 -
::1 - - [02/Feb/2020:20:28:30 +0000] "GET /javascripts/classie.js HTTP/1.1" 304 -
::1 - - [02/Feb/2020:20:28:30 +0000] "GET /javascripts/notificationFx.js HTTP/1.1" 304 -
::1 - - [02/Feb/2020:20:28:30 +0000] "GET /javascripts/like.js HTTP/1.1" 304 -
::1 - - [02/Feb/2020:20:28:30 +0000] "GET /javascripts/comment.js HTTP/1.1" 304 -
::1 - - [02/Feb/2020:20:28:30 +0000] "GET /javascripts/socket.io.js HTTP/1.1" 304 -
::1 - - [02/Feb/2020:20:28:30 +0000] "GET /javascripts/connect.js HTTP/1.1" 304 -
::1 - - [02/Feb/2020:20:28:30 +0000] "GET /images/logo/logo.png?cache=0.5847541893483457 HTTP/1.1" 200 18902
::1 - - [02/Feb/2020:20:28:30 +0000] "GET /images/logo/logo.png?cache=0.8361171403067365 HTTP/1.1" 200 18902
::1 - - [02/Feb/2020:20:28:30 +0000] "GET /api/v1/notifications HTTP/1.1" 304 -
::1 - - [02/Feb/2020:20:28:30 +0000] "GET /javascripts/socket.io.js.map HTTP/1.1" 404 3476
::1 - - [02/Feb/2020:20:30:31 +0000] "GET / HTTP/1.1" 200 8912
::1 - - [02/Feb/2020:20:30:31 +0000] "GET /stylesheets/flatly.bootstrap.min.css HTTP/1.1" 304 -
::1 - - [02/Feb/2020:20:30:31 +0000] "GET /stylesheets/font/css/all.min.css HTTP/1.1" 304 -
::1 - - [02/Feb/2020:20:30:31 +0000] "GET /stylesheets/style.css HTTP/1.1" 304 -
::1 - - [02/Feb/2020:20:30:31 +0000] "GET /javascripts/stroll.min.js HTTP/1.1" 304 -
::1 - - [02/Feb/2020:20:30:31 +0000] "GET /javascripts/jquery.min.js HTTP/1.1" 304 -
::1 - - [02/Feb/2020:20:30:31 +0000] "GET /javascripts/bootstrap.min.js HTTP/1.1" 304 -
::1 - - [02/Feb/2020:20:30:31 +0000] "GET /stylesheets/moment.css HTTP/1.1" 304 -
::1 - - [02/Feb/2020:20:30:31 +0000] "GET /animations/jquery-sakura.min.css HTTP/1.1" 304 -
::1 - - [02/Feb/2020:20:30:31 +0000] "GET /stylesheets/ns-default.css HTTP/1.1" 304 -
::1 - - [02/Feb/2020:20:30:31 +0000] "GET /stylesheets/ns-style-other.css HTTP/1.1" 304 -
::1 - - [02/Feb/2020:20:30:31 +0000] "GET /stylesheets/progressive-image.css HTTP/1.1" 304 -
::1 - - [02/Feb/2020:20:30:31 +0000] "GET /javascripts/dom.js HTTP/1.1" 304 -
::1 - - [02/Feb/2020:20:30:31 +0000] "GET /javascripts/modernizr.custom.js HTTP/1.1" 304 -
::1 - - [02/Feb/2020:20:30:31 +0000] "GET /javascripts/progressive-image.js HTTP/1.1" 304 -
::1 - - [02/Feb/2020:20:30:31 +0000] "GET /images/logo/logo.png HTTP/1.1" 304 -
::1 - - [02/Feb/2020:20:30:32 +0000] "GET /animations/jquery-sakura.min.js HTTP/1.1" 304 -
::1 - - [02/Feb/2020:20:30:32 +0000] "GET /javascripts/classie.js HTTP/1.1" 304 -
::1 - - [02/Feb/2020:20:30:32 +0000] "GET /javascripts/notificationFx.js HTTP/1.1" 304 -
::1 - - [02/Feb/2020:20:30:32 +0000] "GET /javascripts/like.js HTTP/1.1" 304 -
::1 - - [02/Feb/2020:20:30:32 +0000] "GET /javascripts/comment.js HTTP/1.1" 304 -
::1 - - [02/Feb/2020:20:30:32 +0000] "GET /images/logo/logo.png?cache=0.4219054307490768 HTTP/1.1" 200 18902
::1 - - [02/Feb/2020:20:30:32 +0000] "GET /javascripts/socket.io.js HTTP/1.1" 304 -
::1 - - [02/Feb/2020:20:30:32 +0000] "GET /javascripts/connect.js HTTP/1.1" 304 -
::1 - - [02/Feb/2020:20:30:32 +0000] "GET /images/logo/logo.png?cache=0.14800823942818253 HTTP/1.1" 200 18902
::1 - - [02/Feb/2020:20:30:32 +0000] "GET /stylesheets/font/webfonts/fa-solid-900.woff2 HTTP/1.1" 304 -
::1 - - [02/Feb/2020:20:30:32 +0000] "GET /api/v1/notifications HTTP/1.1" 304 -
::1 - - [02/Feb/2020:20:30:32 +0000] "GET /javascripts/socket.io.js.map HTTP/1.1" 404 3476
::1 - - [02/Feb/2020:20:31:24 +0000] "GET /images/logo/favicon.ico HTTP/1.1" 200 1150
::1 - - [02/Feb/2020:20:32:12 +0000] "GET / HTTP/1.1" 200 8911
::1 - - [02/Feb/2020:20:32:12 +0000] "GET /stylesheets/flatly.bootstrap.min.css HTTP/1.1" 304 -
::1 - - [02/Feb/2020:20:32:12 +0000] "GET /stylesheets/font/css/all.min.css HTTP/1.1" 304 -
::1 - - [02/Feb/2020:20:32:12 +0000] "GET /stylesheets/style.css HTTP/1.1" 304 -
::1 - - [02/Feb/2020:20:32:12 +0000] "GET /javascripts/stroll.min.js HTTP/1.1" 304 -
::1 - - [02/Feb/2020:20:32:12 +0000] "GET /javascripts/jquery.min.js HTTP/1.1" 304 -
::1 - - [02/Feb/2020:20:32:12 +0000] "GET /javascripts/bootstrap.min.js HTTP/1.1" 304 -
::1 - - [02/Feb/2020:20:32:12 +0000] "GET /javascripts/dom.js HTTP/1.1" 304 -
::1 - - [02/Feb/2020:20:32:12 +0000] "GET /javascripts/modernizr.custom.js HTTP/1.1" 304 -
::1 - - [02/Feb/2020:20:32:12 +0000] "GET /stylesheets/moment.css HTTP/1.1" 304 -
::1 - - [02/Feb/2020:20:32:12 +0000] "GET /animations/jquery-sakura.min.css HTTP/1.1" 304 -
::1 - - [02/Feb/2020:20:32:12 +0000] "GET /stylesheets/ns-default.css HTTP/1.1" 304 -
::1 - - [02/Feb/2020:20:32:12 +0000] "GET /stylesheets/ns-style-other.css HTTP/1.1" 304 -
::1 - - [02/Feb/2020:20:32:12 +0000] "GET /stylesheets/progressive-image.css HTTP/1.1" 304 -
::1 - - [02/Feb/2020:20:32:12 +0000] "GET /javascripts/progressive-image.js HTTP/1.1" 304 -
::1 - - [02/Feb/2020:20:32:12 +0000] "GET /images/logo/logo.png HTTP/1.1" 304 -
::1 - - [02/Feb/2020:20:32:12 +0000] "GET /animations/jquery-sakura.min.js HTTP/1.1" 304 -
::1 - - [02/Feb/2020:20:32:12 +0000] "GET /javascripts/classie.js HTTP/1.1" 304 -
::1 - - [02/Feb/2020:20:32:12 +0000] "GET /javascripts/notificationFx.js HTTP/1.1" 304 -
::1 - - [02/Feb/2020:20:32:12 +0000] "GET /javascripts/like.js HTTP/1.1" 304 -
::1 - - [02/Feb/2020:20:32:12 +0000] "GET /javascripts/comment.js HTTP/1.1" 304 -
::1 - - [02/Feb/2020:20:32:12 +0000] "GET /javascripts/socket.io.js HTTP/1.1" 304 -
::1 - - [02/Feb/2020:20:32:12 +0000] "GET /javascripts/connect.js HTTP/1.1" 304 -
::1 - - [02/Feb/2020:20:32:12 +0000] "GET /images/logo/logo.png?cache=0.9783899623404986 HTTP/1.1" 200 18902
::1 - - [02/Feb/2020:20:32:12 +0000] "GET /images/logo/logo.png?cache=0.7929186764785465 HTTP/1.1" 200 18902
::1 - - [02/Feb/2020:20:32:12 +0000] "GET /api/v1/notifications HTTP/1.1" 304 -
::1 - - [02/Feb/2020:20:32:12 +0000] "GET /javascripts/socket.io.js.map HTTP/1.1" 404 3476
::1 - - [02/Feb/2020:20:33:30 +0000] "GET / HTTP/1.1" 200 8912
::1 - - [02/Feb/2020:20:33:31 +0000] "GET /stylesheets/flatly.bootstrap.min.css HTTP/1.1" 304 -
::1 - - [02/Feb/2020:20:33:31 +0000] "GET /stylesheets/font/css/all.min.css HTTP/1.1" 304 -
::1 - - [02/Feb/2020:20:33:31 +0000] "GET /stylesheets/style.css HTTP/1.1" 304 -
::1 - - [02/Feb/2020:20:33:31 +0000] "GET /javascripts/stroll.min.js HTTP/1.1" 304 -
::1 - - [02/Feb/2020:20:33:31 +0000] "GET /javascripts/jquery.min.js HTTP/1.1" 304 -
::1 - - [02/Feb/2020:20:33:31 +0000] "GET /javascripts/bootstrap.min.js HTTP/1.1" 304 -
::1 - - [02/Feb/2020:20:33:31 +0000] "GET /javascripts/dom.js HTTP/1.1" 304 -
::1 - - [02/Feb/2020:20:33:31 +0000] "GET /stylesheets/moment.css HTTP/1.1" 304 -
::1 - - [02/Feb/2020:20:33:31 +0000] "GET /animations/jquery-sakura.min.css HTTP/1.1" 304 -
::1 - - [02/Feb/2020:20:33:31 +0000] "GET /stylesheets/ns-default.css HTTP/1.1" 304 -
::1 - - [02/Feb/2020:20:33:31 +0000] "GET /stylesheets/ns-style-other.css HTTP/1.1" 304 -
::1 - - [02/Feb/2020:20:33:31 +0000] "GET /stylesheets/progressive-image.css HTTP/1.1" 304 -
::1 - - [02/Feb/2020:20:33:31 +0000] "GET /javascripts/modernizr.custom.js HTTP/1.1" 304 -
::1 - - [02/Feb/2020:20:33:31 +0000] "GET /javascripts/progressive-image.js HTTP/1.1" 304 -
::1 - - [02/Feb/2020:20:33:31 +0000] "GET /images/logo/logo.png HTTP/1.1" 304 -
::1 - - [02/Feb/2020:20:33:31 +0000] "GET /animations/jquery-sakura.min.js HTTP/1.1" 304 -
::1 - - [02/Feb/2020:20:33:31 +0000] "GET /javascripts/classie.js HTTP/1.1" 304 -
::1 - - [02/Feb/2020:20:33:31 +0000] "GET /javascripts/notificationFx.js HTTP/1.1" 304 -
::1 - - [02/Feb/2020:20:33:31 +0000] "GET /javascripts/like.js HTTP/1.1" 304 -
::1 - - [02/Feb/2020:20:33:31 +0000] "GET /javascripts/comment.js HTTP/1.1" 304 -
::1 - - [02/Feb/2020:20:33:31 +0000] "GET /javascripts/socket.io.js HTTP/1.1" 304 -
::1 - - [02/Feb/2020:20:33:31 +0000] "GET /images/logo/logo.png?cache=0.5532455537104284 HTTP/1.1" 200 18902
::1 - - [02/Feb/2020:20:33:31 +0000] "GET /javascripts/connect.js HTTP/1.1" 304 -
::1 - - [02/Feb/2020:20:33:31 +0000] "GET /images/logo/logo.png?cache=0.28442291567163447 HTTP/1.1" 200 18902
::1 - - [02/Feb/2020:20:33:31 +0000] "GET /api/v1/notifications HTTP/1.1" 304 -
::1 - - [02/Feb/2020:20:33:31 +0000] "GET /javascripts/socket.io.js.map HTTP/1.1" 404 3476
::1 - - [02/Feb/2020:20:44:20 +0000] "GET / HTTP/1.1" 200 2538
::1 - - [02/Feb/2020:20:44:21 +0000] "GET /stylesheets/flatly.bootstrap.min.css HTTP/1.1" 304 -
::1 - - [02/Feb/2020:20:44:21 +0000] "GET /stylesheets/font/css/all.min.css HTTP/1.1" 304 -
::1 - - [02/Feb/2020:20:44:21 +0000] "GET /stylesheets/style.css HTTP/1.1" 304 -
::1 - - [02/Feb/2020:20:44:21 +0000] "GET /javascripts/stroll.min.js HTTP/1.1" 304 -
::1 - - [02/Feb/2020:20:44:21 +0000] "GET /javascripts/jquery.min.js HTTP/1.1" 304 -
::1 - - [02/Feb/2020:20:44:21 +0000] "GET /javascripts/bootstrap.min.js HTTP/1.1" 304 -
::1 - - [02/Feb/2020:20:44:21 +0000] "GET /javascripts/dom.js HTTP/1.1" 304 -
::1 - - [02/Feb/2020:20:44:21 +0000] "GET /images/logo/a3284904ff3ca9a0dbf313ebbe960570.jpg HTTP/1.1" 304 -
::1 - - [02/Feb/2020:20:44:21 +0000] "GET /javascripts/socket.io.js HTTP/1.1" 304 -
::1 - - [02/Feb/2020:20:44:21 +0000] "GET /javascripts/connect.js HTTP/1.1" 304 -
::1 - - [02/Feb/2020:20:44:21 +0000] "GET /javascripts/socket.io.js.map HTTP/1.1" 404 3510
::1 - - [02/Feb/2020:20:44:26 +0000] "GET /images/logo/favicon.ico HTTP/1.1" 200 1150
::1 - - [02/Feb/2020:20:44:29 +0000] "POST /account/getin HTTP/1.1" 302 46
::1 - - [02/Feb/2020:20:44:29 +0000] "GET / HTTP/1.1" 200 8936
::1 - - [02/Feb/2020:20:44:29 +0000] "GET /stylesheets/flatly.bootstrap.min.css HTTP/1.1" 304 -
::1 - - [02/Feb/2020:20:44:29 +0000] "GET /stylesheets/font/css/all.min.css HTTP/1.1" 304 -
::1 - - [02/Feb/2020:20:44:29 +0000] "GET /stylesheets/style.css HTTP/1.1" 304 -
::1 - - [02/Feb/2020:20:44:29 +0000] "GET /javascripts/stroll.min.js HTTP/1.1" 304 -
::1 - - [02/Feb/2020:20:44:29 +0000] "GET /javascripts/jquery.min.js HTTP/1.1" 304 -
::1 - - [02/Feb/2020:20:44:29 +0000] "GET /javascripts/bootstrap.min.js HTTP/1.1" 304 -
::1 - - [02/Feb/2020:20:44:29 +0000] "GET /javascripts/dom.js HTTP/1.1" 304 -
::1 - - [02/Feb/2020:20:44:29 +0000] "GET /stylesheets/moment.css HTTP/1.1" 304 -
::1 - - [02/Feb/2020:20:44:29 +0000] "GET /animations/jquery-sakura.min.css HTTP/1.1" 304 -
::1 - - [02/Feb/2020:20:44:29 +0000] "GET /stylesheets/ns-default.css HTTP/1.1" 304 -
::1 - - [02/Feb/2020:20:44:29 +0000] "GET /stylesheets/ns-style-other.css HTTP/1.1" 304 -
::1 - - [02/Feb/2020:20:44:29 +0000] "GET /stylesheets/progressive-image.css HTTP/1.1" 304 -
::1 - - [02/Feb/2020:20:44:29 +0000] "GET /javascripts/modernizr.custom.js HTTP/1.1" 304 -
::1 - - [02/Feb/2020:20:44:29 +0000] "GET /javascripts/progressive-image.js HTTP/1.1" 304 -
::1 - - [02/Feb/2020:20:44:29 +0000] "GET /images/logo/a3284904ff3ca9a0dbf313ebbe960570.jpg HTTP/1.1" 304 -
::1 - - [02/Feb/2020:20:44:29 +0000] "GET /animations/jquery-sakura.min.js HTTP/1.1" 304 -
::1 - - [02/Feb/2020:20:44:29 +0000] "GET /javascripts/classie.js HTTP/1.1" 304 -
::1 - - [02/Feb/2020:20:44:29 +0000] "GET /javascripts/notificationFx.js HTTP/1.1" 304 -
::1 - - [02/Feb/2020:20:44:29 +0000] "GET /javascripts/like.js HTTP/1.1" 304 -
::1 - - [02/Feb/2020:20:44:29 +0000] "GET /javascripts/comment.js HTTP/1.1" 304 -
::1 - - [02/Feb/2020:20:44:29 +0000] "GET /javascripts/socket.io.js HTTP/1.1" 304 -
::1 - - [02/Feb/2020:20:44:29 +0000] "GET /javascripts/connect.js HTTP/1.1" 304 -
::1 - - [02/Feb/2020:20:44:29 +0000] "GET /stylesheets/font/webfonts/fa-solid-900.woff2 HTTP/1.1" 304 -
::1 - - [02/Feb/2020:20:44:30 +0000] "GET /images/logo/logo.png?cache=0.9844313698468186 HTTP/1.1" 200 18902
::1 - - [02/Feb/2020:20:44:30 +0000] "GET /images/logo/logo.png?cache=0.7627480753342903 HTTP/1.1" 200 18902
::1 - - [02/Feb/2020:20:44:30 +0000] "GET /api/v1/notifications HTTP/1.1" 304 -
::1 - - [02/Feb/2020:20:44:30 +0000] "GET /javascripts/socket.io.js.map HTTP/1.1" 404 3510
::1 - - [02/Feb/2020:20:57:48 +0000] "GET /u HTTP/1.1" 200 3316
::1 - - [02/Feb/2020:20:57:48 +0000] "GET /stylesheets/flatly.bootstrap.min.css HTTP/1.1" 304 -
::1 - - [02/Feb/2020:20:57:48 +0000] "GET /stylesheets/font/css/all.min.css HTTP/1.1" 304 -
::1 - - [02/Feb/2020:20:57:48 +0000] "GET /stylesheets/style.css HTTP/1.1" 304 -
::1 - - [02/Feb/2020:20:57:48 +0000] "GET /javascripts/stroll.min.js HTTP/1.1" 304 -
::1 - - [02/Feb/2020:20:57:48 +0000] "GET /javascripts/jquery.min.js HTTP/1.1" 304 -
::1 - - [02/Feb/2020:20:57:48 +0000] "GET /javascripts/bootstrap.min.js HTTP/1.1" 304 -
::1 - - [02/Feb/2020:20:57:48 +0000] "GET /javascripts/dom.js HTTP/1.1" 304 -
::1 - - [02/Feb/2020:20:57:48 +0000] "GET /images/logo/a3284904ff3ca9a0dbf313ebbe960570.jpg HTTP/1.1" 304 -
::1 - - [02/Feb/2020:20:57:48 +0000] "GET /images/logo/logo.png HTTP/1.1" 304 -
::1 - - [02/Feb/2020:20:57:48 +0000] "GET /javascripts/search.js HTTP/1.1" 200 683
::1 - - [02/Feb/2020:20:58:02 +0000] "GET /javascripts/socket.io.js.map HTTP/1.1" 404 3510
::1 - - [02/Feb/2020:20:58:03 +0000] "GET /javascripts/socket.io.js.map HTTP/1.1" 404 3510
